{"__type":"$$EventMessageWorkflow","id":"9f0c13ce-df18-4e29-987b-731d24175879","ts":"2025-11-25T11:01:04.261-05:00","eventName":"n8n.workflow.started","message":"n8n.workflow.started","payload":{"executionId":"10","workflowId":"4rTqug5Ahu9X3nVw","isManual":false,"workflowName":"Vapi Lead Source to Google Sheets"}}
{"__type":"$$EventMessageConfirm","confirm":"9f0c13ce-df18-4e29-987b-731d24175879","ts":"2025-11-25T11:01:04.262-05:00","source":{"id":"0","name":"eventBus"}}
{"__type":"$$EventMessageNode","id":"2464ea6a-a8e6-449c-916f-f951f9851512","ts":"2025-11-25T11:01:04.262-05:00","eventName":"n8n.node.started","message":"n8n.node.started","payload":{"workflowId":"4rTqug5Ahu9X3nVw","workflowName":"Vapi Lead Source to Google Sheets","executionId":"10","nodeType":"n8n-nodes-base.webhook","nodeName":"Vapi Webhook","nodeId":"0eb20349-2fb9-4edb-8444-1a862be9abe5"}}
{"__type":"$$EventMessageConfirm","confirm":"2464ea6a-a8e6-449c-916f-f951f9851512","ts":"2025-11-25T11:01:04.263-05:00","source":{"id":"0","name":"eventBus"}}
{"__type":"$$EventMessageNode","id":"05fadc0c-e4f7-4fc4-80e7-ce69b5389e6a","ts":"2025-11-25T11:01:04.263-05:00","eventName":"n8n.node.finished","message":"n8n.node.finished","payload":{"workflowId":"4rTqug5Ahu9X3nVw","workflowName":"Vapi Lead Source to Google Sheets","executionId":"10","nodeType":"n8n-nodes-base.webhook","nodeName":"Vapi Webhook","nodeId":"0eb20349-2fb9-4edb-8444-1a862be9abe5"}}
{"__type":"$$EventMessageConfirm","confirm":"05fadc0c-e4f7-4fc4-80e7-ce69b5389e6a","ts":"2025-11-25T11:01:04.263-05:00","source":{"id":"0","name":"eventBus"}}
{"__type":"$$EventMessageWorkflow","id":"318dc3f3-faaa-410e-bf37-94944ffef280","ts":"2025-11-25T11:01:04.264-05:00","eventName":"n8n.workflow.failed","message":"n8n.workflow.failed","payload":{"executionId":"10","success":false,"isManual":false,"workflowId":"4rTqug5Ahu9X3nVw","workflowName":"Vapi Lead Source to Google Sheets","lastNodeExecuted":"Vapi Webhook","errorMessage":"No Respond to Webhook node found in the workflow"}}
{"__type":"$$EventMessageConfirm","confirm":"318dc3f3-faaa-410e-bf37-94944ffef280","ts":"2025-11-25T11:01:04.264-05:00","source":{"id":"0","name":"eventBus"}}
{"__type":"$$EventMessageWorkflow","id":"f7cbebc5-3bff-45d7-9117-8acf5462a3f8","ts":"2025-11-25T11:01:08.403-05:00","eventName":"n8n.workflow.started","message":"n8n.workflow.started","payload":{"executionId":"11","workflowId":"4rTqug5Ahu9X3nVw","isManual":false,"workflowName":"Vapi Lead Source to Google Sheets"}}
{"__type":"$$EventMessageConfirm","confirm":"f7cbebc5-3bff-45d7-9117-8acf5462a3f8","ts":"2025-11-25T11:01:08.403-05:00","source":{"id":"0","name":"eventBus"}}
{"__type":"$$EventMessageNode","id":"c3c94ba8-b168-4bfe-9326-747029e2c333","ts":"2025-11-25T11:01:08.403-05:00","eventName":"n8n.node.started","message":"n8n.node.started","payload":{"workflowId":"4rTqug5Ahu9X3nVw","workflowName":"Vapi Lead Source to Google Sheets","executionId":"11","nodeType":"n8n-nodes-base.webhook","nodeName":"Vapi Webhook","nodeId":"0eb20349-2fb9-4edb-8444-1a862be9abe5"}}
{"__type":"$$EventMessageConfirm","confirm":"c3c94ba8-b168-4bfe-9326-747029e2c333","ts":"2025-11-25T11:01:08.403-05:00","source":{"id":"0","name":"eventBus"}}
{"__type":"$$EventMessageNode","id":"8da13d81-5cf8-42c1-9875-160611af69da","ts":"2025-11-25T11:01:08.404-05:00","eventName":"n8n.node.finished","message":"n8n.node.finished","payload":{"workflowId":"4rTqug5Ahu9X3nVw","workflowName":"Vapi Lead Source to Google Sheets","executionId":"11","nodeType":"n8n-nodes-base.webhook","nodeName":"Vapi Webhook","nodeId":"0eb20349-2fb9-4edb-8444-1a862be9abe5"}}
{"__type":"$$EventMessageConfirm","confirm":"8da13d81-5cf8-42c1-9875-160611af69da","ts":"2025-11-25T11:01:08.404-05:00","source":{"id":"0","name":"eventBus"}}
{"__type":"$$EventMessageWorkflow","id":"5772bed7-ff3e-47e4-895c-77d18b7216f6","ts":"2025-11-25T11:01:08.404-05:00","eventName":"n8n.workflow.failed","message":"n8n.workflow.failed","payload":{"executionId":"11","success":false,"isManual":false,"workflowId":"4rTqug5Ahu9X3nVw","workflowName":"Vapi Lead Source to Google Sheets","lastNodeExecuted":"Vapi Webhook","errorMessage":"No Respond to Webhook node found in the workflow"}}
{"__type":"$$EventMessageConfirm","confirm":"5772bed7-ff3e-47e4-895c-77d18b7216f6","ts":"2025-11-25T11:01:08.404-05:00","source":{"id":"0","name":"eventBus"}}
{"__type":"$$EventMessageWorkflow","id":"12a835cb-0654-4ff6-806d-fadc790779e5","ts":"2025-11-25T11:03:51.729-05:00","eventName":"n8n.workflow.started","message":"n8n.workflow.started","payload":{"executionId":"12","workflowId":"4rTqug5Ahu9X3nVw","isManual":false,"workflowName":"Vapi Lead Source to Google Sheets"}}
{"__type":"$$EventMessageConfirm","confirm":"12a835cb-0654-4ff6-806d-fadc790779e5","ts":"2025-11-25T11:03:51.729-05:00","source":{"id":"0","name":"eventBus"}}
{"__type":"$$EventMessageNode","id":"bcc67fb4-38e9-4368-ab09-5c3a8b3625d1","ts":"2025-11-25T11:03:51.730-05:00","eventName":"n8n.node.started","message":"n8n.node.started","payload":{"workflowId":"4rTqug5Ahu9X3nVw","workflowName":"Vapi Lead Source to Google Sheets","executionId":"12","nodeType":"n8n-nodes-base.webhook","nodeName":"Vapi Webhook","nodeId":"0eb20349-2fb9-4edb-8444-1a862be9abe5"}}
{"__type":"$$EventMessageConfirm","confirm":"bcc67fb4-38e9-4368-ab09-5c3a8b3625d1","ts":"2025-11-25T11:03:51.730-05:00","source":{"id":"0","name":"eventBus"}}
{"__type":"$$EventMessageNode","id":"aaf91234-b408-4ebb-972e-5a179f156659","ts":"2025-11-25T11:03:51.730-05:00","eventName":"n8n.node.finished","message":"n8n.node.finished","payload":{"workflowId":"4rTqug5Ahu9X3nVw","workflowName":"Vapi Lead Source to Google Sheets","executionId":"12","nodeType":"n8n-nodes-base.webhook","nodeName":"Vapi Webhook","nodeId":"0eb20349-2fb9-4edb-8444-1a862be9abe5"}}
{"__type":"$$EventMessageConfirm","confirm":"aaf91234-b408-4ebb-972e-5a179f156659","ts":"2025-11-25T11:03:51.730-05:00","source":{"id":"0","name":"eventBus"}}
{"__type":"$$EventMessageWorkflow","id":"ee172347-dd30-43db-b91a-c3daaaeefa21","ts":"2025-11-25T11:03:51.731-05:00","eventName":"n8n.workflow.failed","message":"n8n.workflow.failed","payload":{"executionId":"12","success":false,"isManual":false,"workflowId":"4rTqug5Ahu9X3nVw","workflowName":"Vapi Lead Source to Google Sheets","lastNodeExecuted":"Vapi Webhook","errorMessage":"No Respond to Webhook node found in the workflow"}}
{"__type":"$$EventMessageConfirm","confirm":"ee172347-dd30-43db-b91a-c3daaaeefa21","ts":"2025-11-25T11:03:51.731-05:00","source":{"id":"0","name":"eventBus"}}
{"__type":"$$EventMessageWorkflow","id":"69f321e6-0388-42a3-ae52-ec5f1ec9b465","ts":"2025-11-25T11:05:06.700-05:00","eventName":"n8n.workflow.started","message":"n8n.workflow.started","payload":{"executionId":"13","workflowId":"4rTqug5Ahu9X3nVw","isManual":false,"workflowName":"Vapi Lead Source to Google Sheets"}}
{"__type":"$$EventMessageConfirm","confirm":"69f321e6-0388-42a3-ae52-ec5f1ec9b465","ts":"2025-11-25T11:05:06.700-05:00","source":{"id":"0","name":"eventBus"}}
{"__type":"$$EventMessageNode","id":"7f0d1c08-8f2e-48af-90b3-8f3af9401de3","ts":"2025-11-25T11:05:06.700-05:00","eventName":"n8n.node.started","message":"n8n.node.started","payload":{"workflowId":"4rTqug5Ahu9X3nVw","workflowName":"Vapi Lead Source to Google Sheets","executionId":"13","nodeType":"n8n-nodes-base.webhook","nodeName":"Vapi Webhook","nodeId":"0eb20349-2fb9-4edb-8444-1a862be9abe5"}}
{"__type":"$$EventMessageConfirm","confirm":"7f0d1c08-8f2e-48af-90b3-8f3af9401de3","ts":"2025-11-25T11:05:06.700-05:00","source":{"id":"0","name":"eventBus"}}
{"__type":"$$EventMessageNode","id":"dce00949-2c87-4e18-b71a-1f5007f1483a","ts":"2025-11-25T11:05:06.701-05:00","eventName":"n8n.node.finished","message":"n8n.node.finished","payload":{"workflowId":"4rTqug5Ahu9X3nVw","workflowName":"Vapi Lead Source to Google Sheets","executionId":"13","nodeType":"n8n-nodes-base.webhook","nodeName":"Vapi Webhook","nodeId":"0eb20349-2fb9-4edb-8444-1a862be9abe5"}}
{"__type":"$$EventMessageConfirm","confirm":"dce00949-2c87-4e18-b71a-1f5007f1483a","ts":"2025-11-25T11:05:06.701-05:00","source":{"id":"0","name":"eventBus"}}
{"__type":"$$EventMessageWorkflow","id":"55fddc70-8991-4fbe-8755-cf16046f362f","ts":"2025-11-25T11:05:06.701-05:00","eventName":"n8n.workflow.failed","message":"n8n.workflow.failed","payload":{"executionId":"13","success":false,"isManual":false,"workflowId":"4rTqug5Ahu9X3nVw","workflowName":"Vapi Lead Source to Google Sheets","lastNodeExecuted":"Vapi Webhook","errorMessage":"No Respond to Webhook node found in the workflow"}}
{"__type":"$$EventMessageConfirm","confirm":"55fddc70-8991-4fbe-8755-cf16046f362f","ts":"2025-11-25T11:05:06.701-05:00","source":{"id":"0","name":"eventBus"}}
{"__type":"$$EventMessageAudit","id":"fbc02a58-f08e-4e80-90d4-1d04da8c9bd9","ts":"2025-11-25T11:05:21.196-05:00","eventName":"n8n.audit.workflow.updated","message":"n8n.audit.workflow.updated","payload":{"userId":"6bcd1b82-d92d-4379-a70a-7e0191a57498","_email":"dechantechang@hotmail.com","_firstName":"Dechante","_lastName":"Chang","globalRole":"global:owner","workflowId":"4rTqug5Ahu9X3nVw","workflowName":"Vapi Lead Source"}}
{"__type":"$$EventMessageConfirm","confirm":"fbc02a58-f08e-4e80-90d4-1d04da8c9bd9","ts":"2025-11-25T11:05:21.196-05:00","source":{"id":"0","name":"eventBus"}}
{"__type":"$$EventMessageWorkflow","id":"8ce1b50d-3ed2-47b4-8f23-b5b7c0b78a4b","ts":"2025-11-25T11:05:42.241-05:00","eventName":"n8n.workflow.started","message":"n8n.workflow.started","payload":{"executionId":"14","workflowId":"4rTqug5Ahu9X3nVw","isManual":false,"workflowName":"Vapi Lead Source"}}
{"__type":"$$EventMessageConfirm","confirm":"8ce1b50d-3ed2-47b4-8f23-b5b7c0b78a4b","ts":"2025-11-25T11:05:42.241-05:00","source":{"id":"0","name":"eventBus"}}
{"__type":"$$EventMessageNode","id":"636d6fa5-2f84-426a-a2c7-cc7da0c623c9","ts":"2025-11-25T11:05:42.242-05:00","eventName":"n8n.node.started","message":"n8n.node.started","payload":{"workflowId":"4rTqug5Ahu9X3nVw","workflowName":"Vapi Lead Source","executionId":"14","nodeType":"n8n-nodes-base.webhook","nodeName":"Vapi Webhook","nodeId":"0eb20349-2fb9-4edb-8444-1a862be9abe5"}}
{"__type":"$$EventMessageConfirm","confirm":"636d6fa5-2f84-426a-a2c7-cc7da0c623c9","ts":"2025-11-25T11:05:42.242-05:00","source":{"id":"0","name":"eventBus"}}
{"__type":"$$EventMessageNode","id":"19c1266a-6d69-4815-b116-8874958c0988","ts":"2025-11-25T11:05:42.242-05:00","eventName":"n8n.node.finished","message":"n8n.node.finished","payload":{"workflowId":"4rTqug5Ahu9X3nVw","workflowName":"Vapi Lead Source","executionId":"14","nodeType":"n8n-nodes-base.webhook","nodeName":"Vapi Webhook","nodeId":"0eb20349-2fb9-4edb-8444-1a862be9abe5"}}
{"__type":"$$EventMessageConfirm","confirm":"19c1266a-6d69-4815-b116-8874958c0988","ts":"2025-11-25T11:05:42.243-05:00","source":{"id":"0","name":"eventBus"}}
{"__type":"$$EventMessageNode","id":"9e3c6564-4035-4f1f-ac91-359a0812454c","ts":"2025-11-25T11:05:42.243-05:00","eventName":"n8n.node.started","message":"n8n.node.started","payload":{"workflowId":"4rTqug5Ahu9X3nVw","workflowName":"Vapi Lead Source","executionId":"14","nodeType":"n8n-nodes-base.set","nodeName":"Extract Vapi Data","nodeId":"d066dafe-6df3-4b1c-99e8-9e3521fce497"}}
{"__type":"$$EventMessageConfirm","confirm":"9e3c6564-4035-4f1f-ac91-359a0812454c","ts":"2025-11-25T11:05:42.243-05:00","source":{"id":"0","name":"eventBus"}}
{"__type":"$$EventMessageNode","id":"9e2f489c-351a-4fdb-ab74-27f1ec63b107","ts":"2025-11-25T11:05:42.271-05:00","eventName":"n8n.node.finished","message":"n8n.node.finished","payload":{"workflowId":"4rTqug5Ahu9X3nVw","workflowName":"Vapi Lead Source","executionId":"14","nodeType":"n8n-nodes-base.set","nodeName":"Extract Vapi Data","nodeId":"d066dafe-6df3-4b1c-99e8-9e3521fce497"}}
{"__type":"$$EventMessageConfirm","confirm":"9e2f489c-351a-4fdb-ab74-27f1ec63b107","ts":"2025-11-25T11:05:42.271-05:00","source":{"id":"0","name":"eventBus"}}
{"__type":"$$EventMessageNode","id":"3632e65f-1095-4320-9d91-1e26c021431d","ts":"2025-11-25T11:05:42.272-05:00","eventName":"n8n.node.started","message":"n8n.node.started","payload":{"workflowId":"4rTqug5Ahu9X3nVw","workflowName":"Vapi Lead Source","executionId":"14","nodeType":"n8n-nodes-base.googleSheets","nodeName":"Add to Google Sheets","nodeId":"b204e612-3117-4c29-b6fb-f1979990b536"}}
{"__type":"$$EventMessageConfirm","confirm":"3632e65f-1095-4320-9d91-1e26c021431d","ts":"2025-11-25T11:05:42.272-05:00","source":{"id":"0","name":"eventBus"}}
{"__type":"$$EventMessageNode","id":"27170350-5479-4f60-9a08-b4a828f5129f","ts":"2025-11-25T11:05:42.302-05:00","eventName":"n8n.node.finished","message":"n8n.node.finished","payload":{"workflowId":"4rTqug5Ahu9X3nVw","workflowName":"Vapi Lead Source","executionId":"14","nodeType":"n8n-nodes-base.googleSheets","nodeName":"Add to Google Sheets","nodeId":"b204e612-3117-4c29-b6fb-f1979990b536"}}
{"__type":"$$EventMessageConfirm","confirm":"27170350-5479-4f60-9a08-b4a828f5129f","ts":"2025-11-25T11:05:42.302-05:00","source":{"id":"0","name":"eventBus"}}
{"__type":"$$EventMessageWorkflow","id":"6dfcb22c-dbde-4207-bef1-83bd5e62ad9a","ts":"2025-11-25T11:05:42.303-05:00","eventName":"n8n.workflow.failed","message":"n8n.workflow.failed","payload":{"executionId":"14","success":false,"isManual":false,"workflowId":"4rTqug5Ahu9X3nVw","workflowName":"Vapi Lead Source","lastNodeExecuted":"Add to Google Sheets","errorNodeType":"n8n-nodes-base.googleSheets","errorMessage":"Credential with ID \"ARXfMOJn25zLXPbu\" does not exist for type \"googleSheetsOAuth2Api\"."}}
{"__type":"$$EventMessageConfirm","confirm":"6dfcb22c-dbde-4207-bef1-83bd5e62ad9a","ts":"2025-11-25T11:05:42.303-05:00","source":{"id":"0","name":"eventBus"}}
{"__type":"$$EventMessageWorkflow","id":"c2d54551-f206-48be-9f08-ca116ba7c94c","ts":"2025-11-25T11:06:14.451-05:00","eventName":"n8n.workflow.started","message":"n8n.workflow.started","payload":{"executionId":"15","workflowId":"4rTqug5Ahu9X3nVw","isManual":false,"workflowName":"Vapi Lead Source"}}
{"__type":"$$EventMessageConfirm","confirm":"c2d54551-f206-48be-9f08-ca116ba7c94c","ts":"2025-11-25T11:06:14.451-05:00","source":{"id":"0","name":"eventBus"}}
{"__type":"$$EventMessageNode","id":"35a3118d-1450-455e-83bc-0a35c1dc1170","ts":"2025-11-25T11:06:14.451-05:00","eventName":"n8n.node.started","message":"n8n.node.started","payload":{"workflowId":"4rTqug5Ahu9X3nVw","workflowName":"Vapi Lead Source","executionId":"15","nodeType":"n8n-nodes-base.webhook","nodeName":"Vapi Webhook","nodeId":"0eb20349-2fb9-4edb-8444-1a862be9abe5"}}
{"__type":"$$EventMessageConfirm","confirm":"35a3118d-1450-455e-83bc-0a35c1dc1170","ts":"2025-11-25T11:06:14.452-05:00","source":{"id":"0","name":"eventBus"}}
{"__type":"$$EventMessageNode","id":"e22b0c98-37d9-4a27-92dc-0fa758c04902","ts":"2025-11-25T11:06:14.452-05:00","eventName":"n8n.node.finished","message":"n8n.node.finished","payload":{"workflowId":"4rTqug5Ahu9X3nVw","workflowName":"Vapi Lead Source","executionId":"15","nodeType":"n8n-nodes-base.webhook","nodeName":"Vapi Webhook","nodeId":"0eb20349-2fb9-4edb-8444-1a862be9abe5"}}
{"__type":"$$EventMessageConfirm","confirm":"e22b0c98-37d9-4a27-92dc-0fa758c04902","ts":"2025-11-25T11:06:14.452-05:00","source":{"id":"0","name":"eventBus"}}
{"__type":"$$EventMessageNode","id":"ee11a0b9-bc4f-47c4-814c-5ebbc0cbeb29","ts":"2025-11-25T11:06:14.452-05:00","eventName":"n8n.node.started","message":"n8n.node.started","payload":{"workflowId":"4rTqug5Ahu9X3nVw","workflowName":"Vapi Lead Source","executionId":"15","nodeType":"n8n-nodes-base.set","nodeName":"Extract Vapi Data","nodeId":"d066dafe-6df3-4b1c-99e8-9e3521fce497"}}
{"__type":"$$EventMessageConfirm","confirm":"ee11a0b9-bc4f-47c4-814c-5ebbc0cbeb29","ts":"2025-11-25T11:06:14.452-05:00","source":{"id":"0","name":"eventBus"}}
{"__type":"$$EventMessageNode","id":"29f1e0d7-4f4b-4f04-bfff-b6e455d3db6c","ts":"2025-11-25T11:06:14.454-05:00","eventName":"n8n.node.finished","message":"n8n.node.finished","payload":{"workflowId":"4rTqug5Ahu9X3nVw","workflowName":"Vapi Lead Source","executionId":"15","nodeType":"n8n-nodes-base.set","nodeName":"Extract Vapi Data","nodeId":"d066dafe-6df3-4b1c-99e8-9e3521fce497"}}
{"__type":"$$EventMessageConfirm","confirm":"29f1e0d7-4f4b-4f04-bfff-b6e455d3db6c","ts":"2025-11-25T11:06:14.454-05:00","source":{"id":"0","name":"eventBus"}}
{"__type":"$$EventMessageNode","id":"9ce2a223-7f45-4e9a-8a77-d36d6db2eff9","ts":"2025-11-25T11:06:14.455-05:00","eventName":"n8n.node.started","message":"n8n.node.started","payload":{"workflowId":"4rTqug5Ahu9X3nVw","workflowName":"Vapi Lead Source","executionId":"15","nodeType":"n8n-nodes-base.googleSheets","nodeName":"Add to Google Sheets","nodeId":"b204e612-3117-4c29-b6fb-f1979990b536"}}
{"__type":"$$EventMessageConfirm","confirm":"9ce2a223-7f45-4e9a-8a77-d36d6db2eff9","ts":"2025-11-25T11:06:14.455-05:00","source":{"id":"0","name":"eventBus"}}
{"__type":"$$EventMessageNode","id":"0e47e8a5-1825-4df9-ab51-c2a0aa59b6fe","ts":"2025-11-25T11:06:14.457-05:00","eventName":"n8n.node.finished","message":"n8n.node.finished","payload":{"workflowId":"4rTqug5Ahu9X3nVw","workflowName":"Vapi Lead Source","executionId":"15","nodeType":"n8n-nodes-base.googleSheets","nodeName":"Add to Google Sheets","nodeId":"b204e612-3117-4c29-b6fb-f1979990b536"}}
{"__type":"$$EventMessageConfirm","confirm":"0e47e8a5-1825-4df9-ab51-c2a0aa59b6fe","ts":"2025-11-25T11:06:14.457-05:00","source":{"id":"0","name":"eventBus"}}
{"__type":"$$EventMessageWorkflow","id":"387b2462-d09b-4a7a-bb79-478f79b5b322","ts":"2025-11-25T11:06:14.458-05:00","eventName":"n8n.workflow.failed","message":"n8n.workflow.failed","payload":{"executionId":"15","success":false,"isManual":false,"workflowId":"4rTqug5Ahu9X3nVw","workflowName":"Vapi Lead Source","lastNodeExecuted":"Add to Google Sheets","errorNodeType":"n8n-nodes-base.googleSheets","errorMessage":"Credential with ID \"ARXfMOJn25zLXPbu\" does not exist for type \"googleSheetsOAuth2Api\"."}}
{"__type":"$$EventMessageConfirm","confirm":"387b2462-d09b-4a7a-bb79-478f79b5b322","ts":"2025-11-25T11:06:14.458-05:00","source":{"id":"0","name":"eventBus"}}
{"__type":"$$EventMessageWorkflow","id":"5e2f8773-2fbd-4a41-9d53-98459f854b69","ts":"2025-11-25T11:07:25.097-05:00","eventName":"n8n.workflow.started","message":"n8n.workflow.started","payload":{"executionId":"16","workflowId":"4rTqug5Ahu9X3nVw","isManual":false,"workflowName":"Vapi Lead Source"}}
{"__type":"$$EventMessageConfirm","confirm":"5e2f8773-2fbd-4a41-9d53-98459f854b69","ts":"2025-11-25T11:07:25.098-05:00","source":{"id":"0","name":"eventBus"}}
{"__type":"$$EventMessageNode","id":"52ea31b1-d34e-44f4-9f0d-48f6e65fc2f1","ts":"2025-11-25T11:07:25.098-05:00","eventName":"n8n.node.started","message":"n8n.node.started","payload":{"workflowId":"4rTqug5Ahu9X3nVw","workflowName":"Vapi Lead Source","executionId":"16","nodeType":"n8n-nodes-base.webhook","nodeName":"Vapi Webhook","nodeId":"0eb20349-2fb9-4edb-8444-1a862be9abe5"}}
{"__type":"$$EventMessageConfirm","confirm":"52ea31b1-d34e-44f4-9f0d-48f6e65fc2f1","ts":"2025-11-25T11:07:25.098-05:00","source":{"id":"0","name":"eventBus"}}
{"__type":"$$EventMessageNode","id":"8c9cd10f-5091-4274-8376-3c7c45f23528","ts":"2025-11-25T11:07:25.098-05:00","eventName":"n8n.node.finished","message":"n8n.node.finished","payload":{"workflowId":"4rTqug5Ahu9X3nVw","workflowName":"Vapi Lead Source","executionId":"16","nodeType":"n8n-nodes-base.webhook","nodeName":"Vapi Webhook","nodeId":"0eb20349-2fb9-4edb-8444-1a862be9abe5"}}
{"__type":"$$EventMessageConfirm","confirm":"8c9cd10f-5091-4274-8376-3c7c45f23528","ts":"2025-11-25T11:07:25.098-05:00","source":{"id":"0","name":"eventBus"}}
{"__type":"$$EventMessageNode","id":"0bc055a3-3242-42b5-9451-249d4591733b","ts":"2025-11-25T11:07:25.098-05:00","eventName":"n8n.node.started","message":"n8n.node.started","payload":{"workflowId":"4rTqug5Ahu9X3nVw","workflowName":"Vapi Lead Source","executionId":"16","nodeType":"n8n-nodes-base.set","nodeName":"Extract Vapi Data","nodeId":"d066dafe-6df3-4b1c-99e8-9e3521fce497"}}
{"__type":"$$EventMessageConfirm","confirm":"0bc055a3-3242-42b5-9451-249d4591733b","ts":"2025-11-25T11:07:25.098-05:00","source":{"id":"0","name":"eventBus"}}
{"__type":"$$EventMessageNode","id":"241b4eec-c641-4b2f-bbee-d3dc91476272","ts":"2025-11-25T11:07:25.104-05:00","eventName":"n8n.node.finished","message":"n8n.node.finished","payload":{"workflowId":"4rTqug5Ahu9X3nVw","workflowName":"Vapi Lead Source","executionId":"16","nodeType":"n8n-nodes-base.set","nodeName":"Extract Vapi Data","nodeId":"d066dafe-6df3-4b1c-99e8-9e3521fce497"}}
{"__type":"$$EventMessageConfirm","confirm":"241b4eec-c641-4b2f-bbee-d3dc91476272","ts":"2025-11-25T11:07:25.104-05:00","source":{"id":"0","name":"eventBus"}}
{"__type":"$$EventMessageNode","id":"e66a3870-2d9e-4efd-99fd-4f3080138dfd","ts":"2025-11-25T11:07:25.104-05:00","eventName":"n8n.node.started","message":"n8n.node.started","payload":{"workflowId":"4rTqug5Ahu9X3nVw","workflowName":"Vapi Lead Source","executionId":"16","nodeType":"n8n-nodes-base.googleSheets","nodeName":"Add to Google Sheets","nodeId":"b204e612-3117-4c29-b6fb-f1979990b536"}}
{"__type":"$$EventMessageConfirm","confirm":"e66a3870-2d9e-4efd-99fd-4f3080138dfd","ts":"2025-11-25T11:07:25.104-05:00","source":{"id":"0","name":"eventBus"}}
{"__type":"$$EventMessageNode","id":"7d12483c-e260-4342-bb9c-a0531b532562","ts":"2025-11-25T11:07:25.106-05:00","eventName":"n8n.node.finished","message":"n8n.node.finished","payload":{"workflowId":"4rTqug5Ahu9X3nVw","workflowName":"Vapi Lead Source","executionId":"16","nodeType":"n8n-nodes-base.googleSheets","nodeName":"Add to Google Sheets","nodeId":"b204e612-3117-4c29-b6fb-f1979990b536"}}
{"__type":"$$EventMessageConfirm","confirm":"7d12483c-e260-4342-bb9c-a0531b532562","ts":"2025-11-25T11:07:25.106-05:00","source":{"id":"0","name":"eventBus"}}
{"__type":"$$EventMessageWorkflow","id":"c7b97ae3-a503-461f-9424-fcfe4fdff315","ts":"2025-11-25T11:07:25.107-05:00","eventName":"n8n.workflow.failed","message":"n8n.workflow.failed","payload":{"executionId":"16","success":false,"isManual":false,"workflowId":"4rTqug5Ahu9X3nVw","workflowName":"Vapi Lead Source","lastNodeExecuted":"Add to Google Sheets","errorNodeType":"n8n-nodes-base.googleSheets","errorMessage":"Credential with ID \"ARXfMOJn25zLXPbu\" does not exist for type \"googleSheetsOAuth2Api\"."}}
{"__type":"$$EventMessageConfirm","confirm":"c7b97ae3-a503-461f-9424-fcfe4fdff315","ts":"2025-11-25T11:07:25.107-05:00","source":{"id":"0","name":"eventBus"}}
{"__type":"$$EventMessageWorkflow","id":"1ec1d3c2-595a-4b33-858b-a88993aaedfa","ts":"2025-11-25T11:07:35.295-05:00","eventName":"n8n.workflow.started","message":"n8n.workflow.started","payload":{"executionId":"17","workflowId":"4rTqug5Ahu9X3nVw","isManual":false,"workflowName":"Vapi Lead Source"}}
{"__type":"$$EventMessageConfirm","confirm":"1ec1d3c2-595a-4b33-858b-a88993aaedfa","ts":"2025-11-25T11:07:35.295-05:00","source":{"id":"0","name":"eventBus"}}
{"__type":"$$EventMessageNode","id":"bcd15af2-5680-46ea-8204-a5d58286e5bd","ts":"2025-11-25T11:07:35.301-05:00","eventName":"n8n.node.started","message":"n8n.node.started","payload":{"workflowId":"4rTqug5Ahu9X3nVw","workflowName":"Vapi Lead Source","executionId":"17","nodeType":"n8n-nodes-base.webhook","nodeName":"Vapi Webhook","nodeId":"0eb20349-2fb9-4edb-8444-1a862be9abe5"}}
{"__type":"$$EventMessageConfirm","confirm":"bcd15af2-5680-46ea-8204-a5d58286e5bd","ts":"2025-11-25T11:07:35.301-05:00","source":{"id":"0","name":"eventBus"}}
{"__type":"$$EventMessageNode","id":"7d99877c-1c25-46ac-b581-e555fa233458","ts":"2025-11-25T11:07:35.301-05:00","eventName":"n8n.node.finished","message":"n8n.node.finished","payload":{"workflowId":"4rTqug5Ahu9X3nVw","workflowName":"Vapi Lead Source","executionId":"17","nodeType":"n8n-nodes-base.webhook","nodeName":"Vapi Webhook","nodeId":"0eb20349-2fb9-4edb-8444-1a862be9abe5"}}
{"__type":"$$EventMessageConfirm","confirm":"7d99877c-1c25-46ac-b581-e555fa233458","ts":"2025-11-25T11:07:35.302-05:00","source":{"id":"0","name":"eventBus"}}
{"__type":"$$EventMessageWorkflow","id":"761d74eb-3282-4df5-8d23-832f934ad02d","ts":"2025-11-25T11:07:35.310-05:00","eventName":"n8n.workflow.success","message":"n8n.workflow.success","payload":{"executionId":"17","success":true,"isManual":true,"workflowId":"4rTqug5Ahu9X3nVw","workflowName":"Vapi Lead Source"}}
{"__type":"$$EventMessageConfirm","confirm":"761d74eb-3282-4df5-8d23-832f934ad02d","ts":"2025-11-25T11:07:35.310-05:00","source":{"id":"0","name":"eventBus"}}
{"__type":"$$EventMessageWorkflow","id":"ed853ba6-579c-46cd-932b-52ad78171234","ts":"2025-11-25T11:07:53.740-05:00","eventName":"n8n.workflow.started","message":"n8n.workflow.started","payload":{"executionId":"18","workflowId":"4rTqug5Ahu9X3nVw","isManual":false,"workflowName":"Vapi Lead Source"}}
{"__type":"$$EventMessageConfirm","confirm":"ed853ba6-579c-46cd-932b-52ad78171234","ts":"2025-11-25T11:07:53.741-05:00","source":{"id":"0","name":"eventBus"}}
{"__type":"$$EventMessageNode","id":"37845de5-f01c-44dd-bc82-4be88c237c16","ts":"2025-11-25T11:07:53.741-05:00","eventName":"n8n.node.started","message":"n8n.node.started","payload":{"workflowId":"4rTqug5Ahu9X3nVw","workflowName":"Vapi Lead Source","executionId":"18","nodeType":"n8n-nodes-base.webhook","nodeName":"Vapi Webhook","nodeId":"0eb20349-2fb9-4edb-8444-1a862be9abe5"}}
{"__type":"$$EventMessageConfirm","confirm":"37845de5-f01c-44dd-bc82-4be88c237c16","ts":"2025-11-25T11:07:53.742-05:00","source":{"id":"0","name":"eventBus"}}
{"__type":"$$EventMessageNode","id":"f902478c-9a32-4cec-91bd-5b18d6d40b06","ts":"2025-11-25T11:07:53.742-05:00","eventName":"n8n.node.finished","message":"n8n.node.finished","payload":{"workflowId":"4rTqug5Ahu9X3nVw","workflowName":"Vapi Lead Source","executionId":"18","nodeType":"n8n-nodes-base.webhook","nodeName":"Vapi Webhook","nodeId":"0eb20349-2fb9-4edb-8444-1a862be9abe5"}}
{"__type":"$$EventMessageConfirm","confirm":"f902478c-9a32-4cec-91bd-5b18d6d40b06","ts":"2025-11-25T11:07:53.742-05:00","source":{"id":"0","name":"eventBus"}}
{"__type":"$$EventMessageNode","id":"5f206e7f-467a-42b6-8ab0-3b50cd3d0189","ts":"2025-11-25T11:07:53.742-05:00","eventName":"n8n.node.started","message":"n8n.node.started","payload":{"workflowId":"4rTqug5Ahu9X3nVw","workflowName":"Vapi Lead Source","executionId":"18","nodeType":"n8n-nodes-base.set","nodeName":"Extract Vapi Data","nodeId":"d066dafe-6df3-4b1c-99e8-9e3521fce497"}}
{"__type":"$$EventMessageConfirm","confirm":"5f206e7f-467a-42b6-8ab0-3b50cd3d0189","ts":"2025-11-25T11:07:53.742-05:00","source":{"id":"0","name":"eventBus"}}
{"__type":"$$EventMessageNode","id":"5f5d2303-1cac-4551-894c-fc79ba2100a4","ts":"2025-11-25T11:07:53.745-05:00","eventName":"n8n.node.finished","message":"n8n.node.finished","payload":{"workflowId":"4rTqug5Ahu9X3nVw","workflowName":"Vapi Lead Source","executionId":"18","nodeType":"n8n-nodes-base.set","nodeName":"Extract Vapi Data","nodeId":"d066dafe-6df3-4b1c-99e8-9e3521fce497"}}
{"__type":"$$EventMessageConfirm","confirm":"5f5d2303-1cac-4551-894c-fc79ba2100a4","ts":"2025-11-25T11:07:53.745-05:00","source":{"id":"0","name":"eventBus"}}
{"__type":"$$EventMessageNode","id":"c443b85b-5100-4cf3-9017-7e669802afc7","ts":"2025-11-25T11:07:53.745-05:00","eventName":"n8n.node.started","message":"n8n.node.started","payload":{"workflowId":"4rTqug5Ahu9X3nVw","workflowName":"Vapi Lead Source","executionId":"18","nodeType":"n8n-nodes-base.googleSheets","nodeName":"Add to Google Sheets","nodeId":"b204e612-3117-4c29-b6fb-f1979990b536"}}
{"__type":"$$EventMessageConfirm","confirm":"c443b85b-5100-4cf3-9017-7e669802afc7","ts":"2025-11-25T11:07:53.745-05:00","source":{"id":"0","name":"eventBus"}}
{"__type":"$$EventMessageNode","id":"7b1f3da8-172b-4483-8e52-bf53f6148d9d","ts":"2025-11-25T11:07:53.749-05:00","eventName":"n8n.node.finished","message":"n8n.node.finished","payload":{"workflowId":"4rTqug5Ahu9X3nVw","workflowName":"Vapi Lead Source","executionId":"18","nodeType":"n8n-nodes-base.googleSheets","nodeName":"Add to Google Sheets","nodeId":"b204e612-3117-4c29-b6fb-f1979990b536"}}
{"__type":"$$EventMessageConfirm","confirm":"7b1f3da8-172b-4483-8e52-bf53f6148d9d","ts":"2025-11-25T11:07:53.749-05:00","source":{"id":"0","name":"eventBus"}}
{"__type":"$$EventMessageWorkflow","id":"4e097848-e052-4e83-bee9-1d748582081e","ts":"2025-11-25T11:07:53.750-05:00","eventName":"n8n.workflow.failed","message":"n8n.workflow.failed","payload":{"executionId":"18","success":false,"isManual":false,"workflowId":"4rTqug5Ahu9X3nVw","workflowName":"Vapi Lead Source","lastNodeExecuted":"Add to Google Sheets","errorNodeType":"n8n-nodes-base.googleSheets","errorMessage":"Credential with ID \"ARXfMOJn25zLXPbu\" does not exist for type \"googleSheetsOAuth2Api\"."}}
{"__type":"$$EventMessageConfirm","confirm":"4e097848-e052-4e83-bee9-1d748582081e","ts":"2025-11-25T11:07:53.750-05:00","source":{"id":"0","name":"eventBus"}}
{"__type":"$$EventMessageWorkflow","id":"3250269d-7840-4271-9665-03bf911732b8","ts":"2025-11-25T11:08:05.940-05:00","eventName":"n8n.workflow.started","message":"n8n.workflow.started","payload":{"executionId":"19","workflowId":"4rTqug5Ahu9X3nVw","isManual":false,"workflowName":"Vapi Lead Source"}}
{"__type":"$$EventMessageConfirm","confirm":"3250269d-7840-4271-9665-03bf911732b8","ts":"2025-11-25T11:08:05.940-05:00","source":{"id":"0","name":"eventBus"}}
{"__type":"$$EventMessageNode","id":"1d281714-15e2-4a43-aa98-dc97a7ad9a76","ts":"2025-11-25T11:08:05.941-05:00","eventName":"n8n.node.started","message":"n8n.node.started","payload":{"workflowId":"4rTqug5Ahu9X3nVw","workflowName":"Vapi Lead Source","executionId":"19","nodeType":"n8n-nodes-base.webhook","nodeName":"Vapi Webhook","nodeId":"0eb20349-2fb9-4edb-8444-1a862be9abe5"}}
{"__type":"$$EventMessageConfirm","confirm":"1d281714-15e2-4a43-aa98-dc97a7ad9a76","ts":"2025-11-25T11:08:05.941-05:00","source":{"id":"0","name":"eventBus"}}
{"__type":"$$EventMessageNode","id":"c1820a10-7379-4c40-a0a2-26c182d53b68","ts":"2025-11-25T11:08:05.942-05:00","eventName":"n8n.node.finished","message":"n8n.node.finished","payload":{"workflowId":"4rTqug5Ahu9X3nVw","workflowName":"Vapi Lead Source","executionId":"19","nodeType":"n8n-nodes-base.webhook","nodeName":"Vapi Webhook","nodeId":"0eb20349-2fb9-4edb-8444-1a862be9abe5"}}
{"__type":"$$EventMessageConfirm","confirm":"c1820a10-7379-4c40-a0a2-26c182d53b68","ts":"2025-11-25T11:08:05.942-05:00","source":{"id":"0","name":"eventBus"}}
{"__type":"$$EventMessageWorkflow","id":"a4bf350a-b740-4dae-a285-b66ab5ecf093","ts":"2025-11-25T11:08:05.946-05:00","eventName":"n8n.workflow.success","message":"n8n.workflow.success","payload":{"executionId":"19","success":true,"isManual":true,"workflowId":"4rTqug5Ahu9X3nVw","workflowName":"Vapi Lead Source"}}
{"__type":"$$EventMessageConfirm","confirm":"a4bf350a-b740-4dae-a285-b66ab5ecf093","ts":"2025-11-25T11:08:05.946-05:00","source":{"id":"0","name":"eventBus"}}
{"__type":"$$EventMessageWorkflow","id":"fb35d9d1-193b-43f3-bdf4-b6700d3ccee4","ts":"2025-11-25T11:09:47.795-05:00","eventName":"n8n.workflow.started","message":"n8n.workflow.started","payload":{"executionId":"20","workflowId":"4rTqug5Ahu9X3nVw","isManual":false,"workflowName":"Vapi Lead Source"}}
{"__type":"$$EventMessageConfirm","confirm":"fb35d9d1-193b-43f3-bdf4-b6700d3ccee4","ts":"2025-11-25T11:09:47.795-05:00","source":{"id":"0","name":"eventBus"}}
{"__type":"$$EventMessageNode","id":"1a085b85-902a-4cad-a665-4b04e8db5778","ts":"2025-11-25T11:09:47.795-05:00","eventName":"n8n.node.started","message":"n8n.node.started","payload":{"workflowId":"4rTqug5Ahu9X3nVw","workflowName":"Vapi Lead Source","executionId":"20","nodeType":"n8n-nodes-base.webhook","nodeName":"Vapi Webhook","nodeId":"0eb20349-2fb9-4edb-8444-1a862be9abe5"}}
{"__type":"$$EventMessageConfirm","confirm":"1a085b85-902a-4cad-a665-4b04e8db5778","ts":"2025-11-25T11:09:47.795-05:00","source":{"id":"0","name":"eventBus"}}
{"__type":"$$EventMessageNode","id":"106449ac-af69-4d09-a501-18a6c71c1cea","ts":"2025-11-25T11:09:47.796-05:00","eventName":"n8n.node.finished","message":"n8n.node.finished","payload":{"workflowId":"4rTqug5Ahu9X3nVw","workflowName":"Vapi Lead Source","executionId":"20","nodeType":"n8n-nodes-base.webhook","nodeName":"Vapi Webhook","nodeId":"0eb20349-2fb9-4edb-8444-1a862be9abe5"}}
{"__type":"$$EventMessageConfirm","confirm":"106449ac-af69-4d09-a501-18a6c71c1cea","ts":"2025-11-25T11:09:47.796-05:00","source":{"id":"0","name":"eventBus"}}
{"__type":"$$EventMessageNode","id":"307ef7b4-0c81-43a1-b094-549a728b5f54","ts":"2025-11-25T11:09:47.796-05:00","eventName":"n8n.node.started","message":"n8n.node.started","payload":{"workflowId":"4rTqug5Ahu9X3nVw","workflowName":"Vapi Lead Source","executionId":"20","nodeType":"n8n-nodes-base.set","nodeName":"Extract Vapi Data","nodeId":"d066dafe-6df3-4b1c-99e8-9e3521fce497"}}
{"__type":"$$EventMessageConfirm","confirm":"307ef7b4-0c81-43a1-b094-549a728b5f54","ts":"2025-11-25T11:09:47.796-05:00","source":{"id":"0","name":"eventBus"}}
{"__type":"$$EventMessageNode","id":"6c5ae6d7-6df3-4630-9b5a-cdfd46ac0e0b","ts":"2025-11-25T11:09:47.802-05:00","eventName":"n8n.node.finished","message":"n8n.node.finished","payload":{"workflowId":"4rTqug5Ahu9X3nVw","workflowName":"Vapi Lead Source","executionId":"20","nodeType":"n8n-nodes-base.set","nodeName":"Extract Vapi Data","nodeId":"d066dafe-6df3-4b1c-99e8-9e3521fce497"}}
{"__type":"$$EventMessageConfirm","confirm":"6c5ae6d7-6df3-4630-9b5a-cdfd46ac0e0b","ts":"2025-11-25T11:09:47.802-05:00","source":{"id":"0","name":"eventBus"}}
{"__type":"$$EventMessageNode","id":"67bef6ca-d22e-472d-959e-ccfdbb052f71","ts":"2025-11-25T11:09:47.802-05:00","eventName":"n8n.node.started","message":"n8n.node.started","payload":{"workflowId":"4rTqug5Ahu9X3nVw","workflowName":"Vapi Lead Source","executionId":"20","nodeType":"n8n-nodes-base.googleSheets","nodeName":"Add to Google Sheets","nodeId":"b204e612-3117-4c29-b6fb-f1979990b536"}}
{"__type":"$$EventMessageConfirm","confirm":"67bef6ca-d22e-472d-959e-ccfdbb052f71","ts":"2025-11-25T11:09:47.802-05:00","source":{"id":"0","name":"eventBus"}}
{"__type":"$$EventMessageNode","id":"bf3efb98-c31d-4576-9ab3-bf96bd8ca019","ts":"2025-11-25T11:09:47.805-05:00","eventName":"n8n.node.finished","message":"n8n.node.finished","payload":{"workflowId":"4rTqug5Ahu9X3nVw","workflowName":"Vapi Lead Source","executionId":"20","nodeType":"n8n-nodes-base.googleSheets","nodeName":"Add to Google Sheets","nodeId":"b204e612-3117-4c29-b6fb-f1979990b536"}}
{"__type":"$$EventMessageConfirm","confirm":"bf3efb98-c31d-4576-9ab3-bf96bd8ca019","ts":"2025-11-25T11:09:47.805-05:00","source":{"id":"0","name":"eventBus"}}
{"__type":"$$EventMessageWorkflow","id":"7341298e-119e-4c4f-a8a1-452b2cdc71f3","ts":"2025-11-25T11:09:47.805-05:00","eventName":"n8n.workflow.failed","message":"n8n.workflow.failed","payload":{"executionId":"20","success":false,"isManual":false,"workflowId":"4rTqug5Ahu9X3nVw","workflowName":"Vapi Lead Source","lastNodeExecuted":"Add to Google Sheets","errorNodeType":"n8n-nodes-base.googleSheets","errorMessage":"Credential with ID \"ARXfMOJn25zLXPbu\" does not exist for type \"googleSheetsOAuth2Api\"."}}
{"__type":"$$EventMessageConfirm","confirm":"7341298e-119e-4c4f-a8a1-452b2cdc71f3","ts":"2025-11-25T11:09:47.805-05:00","source":{"id":"0","name":"eventBus"}}
{"__type":"$$EventMessageWorkflow","id":"e15de003-eb26-45f4-9c06-eb8d12cf1e60","ts":"2025-11-25T11:11:31.082-05:00","eventName":"n8n.workflow.started","message":"n8n.workflow.started","payload":{"executionId":"21","workflowId":"4rTqug5Ahu9X3nVw","isManual":false,"workflowName":"Vapi Lead Source"}}
{"__type":"$$EventMessageConfirm","confirm":"e15de003-eb26-45f4-9c06-eb8d12cf1e60","ts":"2025-11-25T11:11:31.082-05:00","source":{"id":"0","name":"eventBus"}}
{"__type":"$$EventMessageNode","id":"de98dae7-8f0d-4367-bc9a-cef088fb6dc0","ts":"2025-11-25T11:11:31.084-05:00","eventName":"n8n.node.started","message":"n8n.node.started","payload":{"workflowId":"4rTqug5Ahu9X3nVw","workflowName":"Vapi Lead Source","executionId":"21","nodeType":"n8n-nodes-base.set","nodeName":"Extract Vapi Data","nodeId":"d066dafe-6df3-4b1c-99e8-9e3521fce497"}}
{"__type":"$$EventMessageConfirm","confirm":"de98dae7-8f0d-4367-bc9a-cef088fb6dc0","ts":"2025-11-25T11:11:31.084-05:00","source":{"id":"0","name":"eventBus"}}
{"__type":"$$EventMessageNode","id":"53631c98-274c-4945-ba7f-db19cbbb91ae","ts":"2025-11-25T11:11:31.089-05:00","eventName":"n8n.node.finished","message":"n8n.node.finished","payload":{"workflowId":"4rTqug5Ahu9X3nVw","workflowName":"Vapi Lead Source","executionId":"21","nodeType":"n8n-nodes-base.set","nodeName":"Extract Vapi Data","nodeId":"d066dafe-6df3-4b1c-99e8-9e3521fce497"}}
{"__type":"$$EventMessageConfirm","confirm":"53631c98-274c-4945-ba7f-db19cbbb91ae","ts":"2025-11-25T11:11:31.089-05:00","source":{"id":"0","name":"eventBus"}}
{"__type":"$$EventMessageWorkflow","id":"2f5133b0-0b28-46b2-a4a6-0674dd63a0f5","ts":"2025-11-25T11:11:31.092-05:00","eventName":"n8n.workflow.success","message":"n8n.workflow.success","payload":{"userId":"6bcd1b82-d92d-4379-a70a-7e0191a57498","executionId":"21","success":true,"isManual":true,"workflowId":"4rTqug5Ahu9X3nVw","workflowName":"Vapi Lead Source"}}
{"__type":"$$EventMessageConfirm","confirm":"2f5133b0-0b28-46b2-a4a6-0674dd63a0f5","ts":"2025-11-25T11:11:31.092-05:00","source":{"id":"0","name":"eventBus"}}
{"__type":"$$EventMessageAudit","id":"0260ad9f-9d9d-40f0-9931-5f55eb749231","ts":"2025-11-25T11:14:44.616-05:00","eventName":"n8n.audit.workflow.updated","message":"n8n.audit.workflow.updated","payload":{"userId":"6bcd1b82-d92d-4379-a70a-7e0191a57498","_email":"dechantechang@hotmail.com","_firstName":"Dechante","_lastName":"Chang","globalRole":"global:owner","workflowId":"4rTqug5Ahu9X3nVw","workflowName":"Vapi Lead Source"}}
{"__type":"$$EventMessageConfirm","confirm":"0260ad9f-9d9d-40f0-9931-5f55eb749231","ts":"2025-11-25T11:14:44.616-05:00","source":{"id":"0","name":"eventBus"}}
{"__type":"$$EventMessageAudit","id":"8716663a-b868-4c1a-a9a8-9de5f9a13596","ts":"2025-11-25T11:16:58.425-05:00","eventName":"n8n.audit.workflow.updated","message":"n8n.audit.workflow.updated","payload":{"userId":"6bcd1b82-d92d-4379-a70a-7e0191a57498","_email":"dechantechang@hotmail.com","_firstName":"Dechante","_lastName":"Chang","globalRole":"global:owner","workflowId":"4rTqug5Ahu9X3nVw","workflowName":"Vapi Lead Source"}}
{"__type":"$$EventMessageConfirm","confirm":"8716663a-b868-4c1a-a9a8-9de5f9a13596","ts":"2025-11-25T11:16:58.426-05:00","source":{"id":"0","name":"eventBus"}}
{"__type":"$$EventMessageWorkflow","id":"86542636-7510-4981-b384-f261008e4208","ts":"2025-11-25T11:17:16.406-05:00","eventName":"n8n.workflow.started","message":"n8n.workflow.started","payload":{"executionId":"22","workflowId":"4rTqug5Ahu9X3nVw","isManual":false,"workflowName":"Vapi Lead Source"}}
{"__type":"$$EventMessageConfirm","confirm":"86542636-7510-4981-b384-f261008e4208","ts":"2025-11-25T11:17:16.407-05:00","source":{"id":"0","name":"eventBus"}}
{"__type":"$$EventMessageNode","id":"97f8a6af-48fa-4d16-9694-7cbe1fce90d0","ts":"2025-11-25T11:17:16.408-05:00","eventName":"n8n.node.started","message":"n8n.node.started","payload":{"workflowId":"4rTqug5Ahu9X3nVw","workflowName":"Vapi Lead Source","executionId":"22","nodeType":"n8n-nodes-base.webhook","nodeName":"Vapi Webhook","nodeId":"0eb20349-2fb9-4edb-8444-1a862be9abe5"}}
{"__type":"$$EventMessageConfirm","confirm":"97f8a6af-48fa-4d16-9694-7cbe1fce90d0","ts":"2025-11-25T11:17:16.408-05:00","source":{"id":"0","name":"eventBus"}}
{"__type":"$$EventMessageNode","id":"6ef3f8ef-5b72-4623-b1f6-908ed4cfc100","ts":"2025-11-25T11:17:16.408-05:00","eventName":"n8n.node.finished","message":"n8n.node.finished","payload":{"workflowId":"4rTqug5Ahu9X3nVw","workflowName":"Vapi Lead Source","executionId":"22","nodeType":"n8n-nodes-base.webhook","nodeName":"Vapi Webhook","nodeId":"0eb20349-2fb9-4edb-8444-1a862be9abe5"}}
{"__type":"$$EventMessageConfirm","confirm":"6ef3f8ef-5b72-4623-b1f6-908ed4cfc100","ts":"2025-11-25T11:17:16.408-05:00","source":{"id":"0","name":"eventBus"}}
{"__type":"$$EventMessageWorkflow","id":"3fc18b39-d9c2-40c8-a262-32f8973dfb90","ts":"2025-11-25T11:17:16.413-05:00","eventName":"n8n.workflow.success","message":"n8n.workflow.success","payload":{"executionId":"22","success":true,"isManual":true,"workflowId":"4rTqug5Ahu9X3nVw","workflowName":"Vapi Lead Source"}}
{"__type":"$$EventMessageConfirm","confirm":"3fc18b39-d9c2-40c8-a262-32f8973dfb90","ts":"2025-11-25T11:17:16.413-05:00","source":{"id":"0","name":"eventBus"}}
{"__type":"$$EventMessageWorkflow","id":"ed98f56d-d758-4fb1-8700-10ee5c1afd6d","ts":"2025-11-25T11:19:03.129-05:00","eventName":"n8n.workflow.started","message":"n8n.workflow.started","payload":{"executionId":"23","workflowId":"4rTqug5Ahu9X3nVw","isManual":false,"workflowName":"Vapi Lead Source"}}
{"__type":"$$EventMessageConfirm","confirm":"ed98f56d-d758-4fb1-8700-10ee5c1afd6d","ts":"2025-11-25T11:19:03.130-05:00","source":{"id":"0","name":"eventBus"}}
{"__type":"$$EventMessageNode","id":"245a734d-e741-4e97-a05b-0791692c31d4","ts":"2025-11-25T11:19:03.132-05:00","eventName":"n8n.node.started","message":"n8n.node.started","payload":{"workflowId":"4rTqug5Ahu9X3nVw","workflowName":"Vapi Lead Source","executionId":"23","nodeType":"n8n-nodes-base.set","nodeName":"Extract Vapi Data","nodeId":"d066dafe-6df3-4b1c-99e8-9e3521fce497"}}
{"__type":"$$EventMessageConfirm","confirm":"245a734d-e741-4e97-a05b-0791692c31d4","ts":"2025-11-25T11:19:03.132-05:00","source":{"id":"0","name":"eventBus"}}
{"__type":"$$EventMessageNode","id":"6134c01a-29b2-4df8-b362-d7916928f3d3","ts":"2025-11-25T11:19:03.140-05:00","eventName":"n8n.node.finished","message":"n8n.node.finished","payload":{"workflowId":"4rTqug5Ahu9X3nVw","workflowName":"Vapi Lead Source","executionId":"23","nodeType":"n8n-nodes-base.set","nodeName":"Extract Vapi Data","nodeId":"d066dafe-6df3-4b1c-99e8-9e3521fce497"}}
{"__type":"$$EventMessageConfirm","confirm":"6134c01a-29b2-4df8-b362-d7916928f3d3","ts":"2025-11-25T11:19:03.140-05:00","source":{"id":"0","name":"eventBus"}}
{"__type":"$$EventMessageWorkflow","id":"998337da-db84-4d0e-a74b-d82ed2f1dd26","ts":"2025-11-25T11:19:03.143-05:00","eventName":"n8n.workflow.success","message":"n8n.workflow.success","payload":{"userId":"6bcd1b82-d92d-4379-a70a-7e0191a57498","executionId":"23","success":true,"isManual":true,"workflowId":"4rTqug5Ahu9X3nVw","workflowName":"Vapi Lead Source"}}
{"__type":"$$EventMessageConfirm","confirm":"998337da-db84-4d0e-a74b-d82ed2f1dd26","ts":"2025-11-25T11:19:03.143-05:00","source":{"id":"0","name":"eventBus"}}
{"__type":"$$EventMessageWorkflow","id":"939f2ae5-bac1-457b-9b90-5fcc86b3fa59","ts":"2025-11-25T11:19:30.312-05:00","eventName":"n8n.workflow.started","message":"n8n.workflow.started","payload":{"executionId":"24","workflowId":"4rTqug5Ahu9X3nVw","isManual":false,"workflowName":"Vapi Lead Source"}}
{"__type":"$$EventMessageConfirm","confirm":"939f2ae5-bac1-457b-9b90-5fcc86b3fa59","ts":"2025-11-25T11:19:30.312-05:00","source":{"id":"0","name":"eventBus"}}
{"__type":"$$EventMessageNode","id":"e8064cc2-c280-496b-86a3-99c61a6c8dda","ts":"2025-11-25T11:19:30.314-05:00","eventName":"n8n.node.started","message":"n8n.node.started","payload":{"workflowId":"4rTqug5Ahu9X3nVw","workflowName":"Vapi Lead Source","executionId":"24","nodeType":"n8n-nodes-base.googleSheets","nodeName":"Add to Google Sheets","nodeId":"b204e612-3117-4c29-b6fb-f1979990b536"}}
{"__type":"$$EventMessageConfirm","confirm":"e8064cc2-c280-496b-86a3-99c61a6c8dda","ts":"2025-11-25T11:19:30.314-05:00","source":{"id":"0","name":"eventBus"}}
{"__type":"$$EventMessageNode","id":"99123493-5aba-42e4-a46a-dbfa79a295a6","ts":"2025-11-25T11:19:30.320-05:00","eventName":"n8n.node.finished","message":"n8n.node.finished","payload":{"workflowId":"4rTqug5Ahu9X3nVw","workflowName":"Vapi Lead Source","executionId":"24","nodeType":"n8n-nodes-base.googleSheets","nodeName":"Add to Google Sheets","nodeId":"b204e612-3117-4c29-b6fb-f1979990b536"}}
{"__type":"$$EventMessageConfirm","confirm":"99123493-5aba-42e4-a46a-dbfa79a295a6","ts":"2025-11-25T11:19:30.320-05:00","source":{"id":"0","name":"eventBus"}}
{"__type":"$$EventMessageWorkflow","id":"1b9c145f-457f-459e-8012-9b0287e933b7","ts":"2025-11-25T11:19:30.323-05:00","eventName":"n8n.workflow.failed","message":"n8n.workflow.failed","payload":{"userId":"6bcd1b82-d92d-4379-a70a-7e0191a57498","executionId":"24","success":false,"isManual":true,"workflowId":"4rTqug5Ahu9X3nVw","workflowName":"Vapi Lead Source","lastNodeExecuted":"Add to Google Sheets","errorNodeType":"n8n-nodes-base.googleSheets","errorMessage":"Credential with ID \"ARXfMOJn25zLXPbu\" does not exist for type \"googleSheetsOAuth2Api\"."}}
{"__type":"$$EventMessageConfirm","confirm":"1b9c145f-457f-459e-8012-9b0287e933b7","ts":"2025-11-25T11:19:30.323-05:00","source":{"id":"0","name":"eventBus"}}
{"__type":"$$EventMessageWorkflow","id":"8d68e72e-305b-4052-ac26-a9723b85679f","ts":"2025-11-25T11:20:00.988-05:00","eventName":"n8n.workflow.started","message":"n8n.workflow.started","payload":{"executionId":"25","workflowId":"4rTqug5Ahu9X3nVw","isManual":false,"workflowName":"Vapi Lead Source"}}
{"__type":"$$EventMessageConfirm","confirm":"8d68e72e-305b-4052-ac26-a9723b85679f","ts":"2025-11-25T11:20:00.988-05:00","source":{"id":"0","name":"eventBus"}}
{"__type":"$$EventMessageNode","id":"b361147b-167a-4298-903b-383c2166090c","ts":"2025-11-25T11:20:00.993-05:00","eventName":"n8n.node.started","message":"n8n.node.started","payload":{"workflowId":"4rTqug5Ahu9X3nVw","workflowName":"Vapi Lead Source","executionId":"25","nodeType":"n8n-nodes-base.googleSheets","nodeName":"Add to Google Sheets","nodeId":"b204e612-3117-4c29-b6fb-f1979990b536"}}
{"__type":"$$EventMessageConfirm","confirm":"b361147b-167a-4298-903b-383c2166090c","ts":"2025-11-25T11:20:00.993-05:00","source":{"id":"0","name":"eventBus"}}
{"__type":"$$EventMessageNode","id":"5993e8e0-0f03-4726-83a8-69607a6fe1b2","ts":"2025-11-25T11:20:01.698-05:00","eventName":"n8n.node.finished","message":"n8n.node.finished","payload":{"workflowId":"4rTqug5Ahu9X3nVw","workflowName":"Vapi Lead Source","executionId":"25","nodeType":"n8n-nodes-base.googleSheets","nodeName":"Add to Google Sheets","nodeId":"b204e612-3117-4c29-b6fb-f1979990b536"}}
{"__type":"$$EventMessageConfirm","confirm":"5993e8e0-0f03-4726-83a8-69607a6fe1b2","ts":"2025-11-25T11:20:01.699-05:00","source":{"id":"0","name":"eventBus"}}
{"__type":"$$EventMessageWorkflow","id":"4c82ba92-6488-4d2b-949b-de8587624c95","ts":"2025-11-25T11:20:01.721-05:00","eventName":"n8n.workflow.failed","message":"n8n.workflow.failed","payload":{"userId":"6bcd1b82-d92d-4379-a70a-7e0191a57498","executionId":"25","success":false,"isManual":true,"workflowId":"4rTqug5Ahu9X3nVw","workflowName":"Vapi Lead Source","lastNodeExecuted":"Add to Google Sheets","errorNodeType":"n8n-nodes-base.googleSheets","errorMessage":"The resource you are requesting could not be found"}}
{"__type":"$$EventMessageConfirm","confirm":"4c82ba92-6488-4d2b-949b-de8587624c95","ts":"2025-11-25T11:20:01.722-05:00","source":{"id":"0","name":"eventBus"}}
{"__type":"$$EventMessageAudit","id":"3454f0fe-8d56-48af-9bb7-18886924a24a","ts":"2025-11-25T11:22:11.413-05:00","eventName":"n8n.audit.workflow.updated","message":"n8n.audit.workflow.updated","payload":{"userId":"6bcd1b82-d92d-4379-a70a-7e0191a57498","_email":"dechantechang@hotmail.com","_firstName":"Dechante","_lastName":"Chang","globalRole":"global:owner","workflowId":"4rTqug5Ahu9X3nVw","workflowName":"Vapi Lead Source"}}
{"__type":"$$EventMessageConfirm","confirm":"3454f0fe-8d56-48af-9bb7-18886924a24a","ts":"2025-11-25T11:22:11.413-05:00","source":{"id":"0","name":"eventBus"}}
{"__type":"$$EventMessageWorkflow","id":"6fbfe9f6-7678-4377-be2d-af455e8d5853","ts":"2025-11-25T11:22:14.487-05:00","eventName":"n8n.workflow.started","message":"n8n.workflow.started","payload":{"executionId":"26","workflowId":"4rTqug5Ahu9X3nVw","isManual":false,"workflowName":"Vapi Lead Source"}}
{"__type":"$$EventMessageConfirm","confirm":"6fbfe9f6-7678-4377-be2d-af455e8d5853","ts":"2025-11-25T11:22:14.488-05:00","source":{"id":"0","name":"eventBus"}}
{"__type":"$$EventMessageNode","id":"3f9c1cbf-5c48-4ef8-a6e5-409b4a49c8b0","ts":"2025-11-25T11:22:14.489-05:00","eventName":"n8n.node.started","message":"n8n.node.started","payload":{"workflowId":"4rTqug5Ahu9X3nVw","workflowName":"Vapi Lead Source","executionId":"26","nodeType":"n8n-nodes-base.googleSheets","nodeName":"Add to Google Sheets","nodeId":"b204e612-3117-4c29-b6fb-f1979990b536"}}
{"__type":"$$EventMessageConfirm","confirm":"3f9c1cbf-5c48-4ef8-a6e5-409b4a49c8b0","ts":"2025-11-25T11:22:14.489-05:00","source":{"id":"0","name":"eventBus"}}
{"__type":"$$EventMessageNode","id":"d85c0116-046c-4583-a948-8451b426db31","ts":"2025-11-25T11:22:16.245-05:00","eventName":"n8n.node.finished","message":"n8n.node.finished","payload":{"workflowId":"4rTqug5Ahu9X3nVw","workflowName":"Vapi Lead Source","executionId":"26","nodeType":"n8n-nodes-base.googleSheets","nodeName":"Add to Google Sheets","nodeId":"b204e612-3117-4c29-b6fb-f1979990b536"}}
{"__type":"$$EventMessageConfirm","confirm":"d85c0116-046c-4583-a948-8451b426db31","ts":"2025-11-25T11:22:16.245-05:00","source":{"id":"0","name":"eventBus"}}
{"__type":"$$EventMessageWorkflow","id":"27721c5e-fcf4-4a67-9fc0-86c8b2d1ae19","ts":"2025-11-25T11:22:16.249-05:00","eventName":"n8n.workflow.failed","message":"n8n.workflow.failed","payload":{"userId":"6bcd1b82-d92d-4379-a70a-7e0191a57498","executionId":"26","success":false,"isManual":true,"workflowId":"4rTqug5Ahu9X3nVw","workflowName":"Vapi Lead Source","lastNodeExecuted":"Add to Google Sheets","errorNodeType":"n8n-nodes-base.googleSheets","errorMessage":"Forbidden - perhaps check your credentials?"}}
{"__type":"$$EventMessageConfirm","confirm":"27721c5e-fcf4-4a67-9fc0-86c8b2d1ae19","ts":"2025-11-25T11:22:16.249-05:00","source":{"id":"0","name":"eventBus"}}
{"__type":"$$EventMessageWorkflow","id":"e00e1a98-2fb1-4dea-ae1c-a3af034f72b6","ts":"2025-11-25T11:25:15.499-05:00","eventName":"n8n.workflow.started","message":"n8n.workflow.started","payload":{"executionId":"27","workflowId":"4rTqug5Ahu9X3nVw","isManual":false,"workflowName":"Vapi Lead Source"}}
{"__type":"$$EventMessageConfirm","confirm":"e00e1a98-2fb1-4dea-ae1c-a3af034f72b6","ts":"2025-11-25T11:25:15.500-05:00","source":{"id":"0","name":"eventBus"}}
{"__type":"$$EventMessageNode","id":"ca82b39a-e554-497f-be2d-94be0563bea8","ts":"2025-11-25T11:25:15.501-05:00","eventName":"n8n.node.started","message":"n8n.node.started","payload":{"workflowId":"4rTqug5Ahu9X3nVw","workflowName":"Vapi Lead Source","executionId":"27","nodeType":"n8n-nodes-base.googleSheets","nodeName":"Add to Google Sheets","nodeId":"b204e612-3117-4c29-b6fb-f1979990b536"}}
{"__type":"$$EventMessageConfirm","confirm":"ca82b39a-e554-497f-be2d-94be0563bea8","ts":"2025-11-25T11:25:15.501-05:00","source":{"id":"0","name":"eventBus"}}
{"__type":"$$EventMessageNode","id":"64bec8cf-1c7e-40fe-83b3-c560093a5717","ts":"2025-11-25T11:25:19.115-05:00","eventName":"n8n.node.finished","message":"n8n.node.finished","payload":{"workflowId":"4rTqug5Ahu9X3nVw","workflowName":"Vapi Lead Source","executionId":"27","nodeType":"n8n-nodes-base.googleSheets","nodeName":"Add to Google Sheets","nodeId":"b204e612-3117-4c29-b6fb-f1979990b536"}}
{"__type":"$$EventMessageConfirm","confirm":"64bec8cf-1c7e-40fe-83b3-c560093a5717","ts":"2025-11-25T11:25:19.115-05:00","source":{"id":"0","name":"eventBus"}}
{"__type":"$$EventMessageWorkflow","id":"f4755f67-cdb2-4d6e-906a-147767d84733","ts":"2025-11-25T11:25:19.120-05:00","eventName":"n8n.workflow.success","message":"n8n.workflow.success","payload":{"userId":"6bcd1b82-d92d-4379-a70a-7e0191a57498","executionId":"27","success":true,"isManual":true,"workflowId":"4rTqug5Ahu9X3nVw","workflowName":"Vapi Lead Source"}}
{"__type":"$$EventMessageConfirm","confirm":"f4755f67-cdb2-4d6e-906a-147767d84733","ts":"2025-11-25T11:25:19.120-05:00","source":{"id":"0","name":"eventBus"}}
{"__type":"$$EventMessageAudit","id":"43a077c9-f2bb-4b4f-8ea2-2a07b4333b1e","ts":"2025-11-25T11:25:34.167-05:00","eventName":"n8n.audit.workflow.updated","message":"n8n.audit.workflow.updated","payload":{"userId":"6bcd1b82-d92d-4379-a70a-7e0191a57498","_email":"dechantechang@hotmail.com","_firstName":"Dechante","_lastName":"Chang","globalRole":"global:owner","workflowId":"4rTqug5Ahu9X3nVw","workflowName":"Vapi Lead Source"}}
{"__type":"$$EventMessageConfirm","confirm":"43a077c9-f2bb-4b4f-8ea2-2a07b4333b1e","ts":"2025-11-25T11:25:34.167-05:00","source":{"id":"0","name":"eventBus"}}
{"__type":"$$EventMessageWorkflow","id":"f9b86639-5d90-4f8f-838b-09db1af4963f","ts":"2025-11-25T11:25:37.590-05:00","eventName":"n8n.workflow.started","message":"n8n.workflow.started","payload":{"executionId":"28","workflowId":"4rTqug5Ahu9X3nVw","isManual":false,"workflowName":"Vapi Lead Source"}}
{"__type":"$$EventMessageConfirm","confirm":"f9b86639-5d90-4f8f-838b-09db1af4963f","ts":"2025-11-25T11:25:37.590-05:00","source":{"id":"0","name":"eventBus"}}
{"__type":"$$EventMessageNode","id":"550b1a05-dff8-49ec-bced-833d1dbc9494","ts":"2025-11-25T11:25:37.591-05:00","eventName":"n8n.node.started","message":"n8n.node.started","payload":{"workflowId":"4rTqug5Ahu9X3nVw","workflowName":"Vapi Lead Source","executionId":"28","nodeType":"n8n-nodes-base.googleSheets","nodeName":"Add to Google Sheets","nodeId":"b204e612-3117-4c29-b6fb-f1979990b536"}}
{"__type":"$$EventMessageConfirm","confirm":"550b1a05-dff8-49ec-bced-833d1dbc9494","ts":"2025-11-25T11:25:37.591-05:00","source":{"id":"0","name":"eventBus"}}
{"__type":"$$EventMessageNode","id":"ce5333b5-551c-4bd2-b616-e52ee03c08d3","ts":"2025-11-25T11:25:40.105-05:00","eventName":"n8n.node.finished","message":"n8n.node.finished","payload":{"workflowId":"4rTqug5Ahu9X3nVw","workflowName":"Vapi Lead Source","executionId":"28","nodeType":"n8n-nodes-base.googleSheets","nodeName":"Add to Google Sheets","nodeId":"b204e612-3117-4c29-b6fb-f1979990b536"}}
{"__type":"$$EventMessageConfirm","confirm":"ce5333b5-551c-4bd2-b616-e52ee03c08d3","ts":"2025-11-25T11:25:40.105-05:00","source":{"id":"0","name":"eventBus"}}
{"__type":"$$EventMessageWorkflow","id":"c10de78b-ca53-490e-8852-ad1362302e9c","ts":"2025-11-25T11:25:40.111-05:00","eventName":"n8n.workflow.success","message":"n8n.workflow.success","payload":{"userId":"6bcd1b82-d92d-4379-a70a-7e0191a57498","executionId":"28","success":true,"isManual":true,"workflowId":"4rTqug5Ahu9X3nVw","workflowName":"Vapi Lead Source"}}
{"__type":"$$EventMessageConfirm","confirm":"c10de78b-ca53-490e-8852-ad1362302e9c","ts":"2025-11-25T11:25:40.111-05:00","source":{"id":"0","name":"eventBus"}}
{"__type":"$$EventMessageWorkflow","id":"d537e488-b9e2-48d4-ba10-47db2d6ee738","ts":"2025-11-25T11:25:47.483-05:00","eventName":"n8n.workflow.started","message":"n8n.workflow.started","payload":{"executionId":"29","workflowId":"4rTqug5Ahu9X3nVw","isManual":false,"workflowName":"Vapi Lead Source"}}
{"__type":"$$EventMessageConfirm","confirm":"d537e488-b9e2-48d4-ba10-47db2d6ee738","ts":"2025-11-25T11:25:47.483-05:00","source":{"id":"0","name":"eventBus"}}
{"__type":"$$EventMessageNode","id":"9716c8c3-808c-428d-80b6-4f523b898d4c","ts":"2025-11-25T11:25:47.484-05:00","eventName":"n8n.node.started","message":"n8n.node.started","payload":{"workflowId":"4rTqug5Ahu9X3nVw","workflowName":"Vapi Lead Source","executionId":"29","nodeType":"n8n-nodes-base.respondToWebhook","nodeName":"Respond to Vapi","nodeId":"95a9261b-84d4-4ff9-8097-82afc2215be1"}}
{"__type":"$$EventMessageConfirm","confirm":"9716c8c3-808c-428d-80b6-4f523b898d4c","ts":"2025-11-25T11:25:47.484-05:00","source":{"id":"0","name":"eventBus"}}
{"__type":"$$EventMessageNode","id":"c718a237-22ae-49b6-95a7-d8d9edfa01cb","ts":"2025-11-25T11:25:47.513-05:00","eventName":"n8n.node.finished","message":"n8n.node.finished","payload":{"workflowId":"4rTqug5Ahu9X3nVw","workflowName":"Vapi Lead Source","executionId":"29","nodeType":"n8n-nodes-base.respondToWebhook","nodeName":"Respond to Vapi","nodeId":"95a9261b-84d4-4ff9-8097-82afc2215be1"}}
{"__type":"$$EventMessageConfirm","confirm":"c718a237-22ae-49b6-95a7-d8d9edfa01cb","ts":"2025-11-25T11:25:47.513-05:00","source":{"id":"0","name":"eventBus"}}
{"__type":"$$EventMessageWorkflow","id":"9923383c-8882-4bdb-bee4-20f721b38b86","ts":"2025-11-25T11:25:47.515-05:00","eventName":"n8n.workflow.success","message":"n8n.workflow.success","payload":{"userId":"6bcd1b82-d92d-4379-a70a-7e0191a57498","executionId":"29","success":true,"isManual":true,"workflowId":"4rTqug5Ahu9X3nVw","workflowName":"Vapi Lead Source"}}
{"__type":"$$EventMessageConfirm","confirm":"9923383c-8882-4bdb-bee4-20f721b38b86","ts":"2025-11-25T11:25:47.515-05:00","source":{"id":"0","name":"eventBus"}}
{"__type":"$$EventMessageAudit","id":"2f4cd0ef-6861-4595-a227-143751a10440","ts":"2025-11-25T11:38:43.407-05:00","eventName":"n8n.audit.workflow.updated","message":"n8n.audit.workflow.updated","payload":{"userId":"6bcd1b82-d92d-4379-a70a-7e0191a57498","_email":"dechantechang@hotmail.com","_firstName":"Dechante","_lastName":"Chang","globalRole":"global:owner","workflowId":"4rTqug5Ahu9X3nVw","workflowName":"vapiphone"}}
{"__type":"$$EventMessageConfirm","confirm":"2f4cd0ef-6861-4595-a227-143751a10440","ts":"2025-11-25T11:38:43.408-05:00","source":{"id":"0","name":"eventBus"}}
{"__type":"$$EventMessageAudit","id":"440bff30-7f46-4540-9430-9f42cbd54345","ts":"2025-11-25T11:39:53.675-05:00","eventName":"n8n.audit.workflow.updated","message":"n8n.audit.workflow.updated","payload":{"userId":"6bcd1b82-d92d-4379-a70a-7e0191a57498","_email":"dechantechang@hotmail.com","_firstName":"Dechante","_lastName":"Chang","globalRole":"global:owner","workflowId":"4rTqug5Ahu9X3nVw","workflowName":"Vapileadsoource"}}
{"__type":"$$EventMessageConfirm","confirm":"440bff30-7f46-4540-9430-9f42cbd54345","ts":"2025-11-25T11:39:53.676-05:00","source":{"id":"0","name":"eventBus"}}
{"__type":"$$EventMessageWorkflow","id":"b4780473-9bb2-47ce-8b14-7e02303030b4","ts":"2025-11-25T11:40:50.350-05:00","eventName":"n8n.workflow.started","message":"n8n.workflow.started","payload":{"executionId":"30","workflowId":"4rTqug5Ahu9X3nVw","isManual":false,"workflowName":"Vapileadsoource"}}
{"__type":"$$EventMessageConfirm","confirm":"b4780473-9bb2-47ce-8b14-7e02303030b4","ts":"2025-11-25T11:40:50.350-05:00","source":{"id":"0","name":"eventBus"}}
{"__type":"$$EventMessageNode","id":"440f0ea6-9e45-4851-a3e3-b6c480e57ffc","ts":"2025-11-25T11:40:50.351-05:00","eventName":"n8n.node.started","message":"n8n.node.started","payload":{"workflowId":"4rTqug5Ahu9X3nVw","workflowName":"Vapileadsoource","executionId":"30","nodeType":"n8n-nodes-base.webhook","nodeName":"Vapi Webhook","nodeId":"0eb20349-2fb9-4edb-8444-1a862be9abe5"}}
{"__type":"$$EventMessageConfirm","confirm":"440f0ea6-9e45-4851-a3e3-b6c480e57ffc","ts":"2025-11-25T11:40:50.351-05:00","source":{"id":"0","name":"eventBus"}}
{"__type":"$$EventMessageNode","id":"5fb2c832-83f0-4dca-8867-24c43ccecc11","ts":"2025-11-25T11:40:50.352-05:00","eventName":"n8n.node.finished","message":"n8n.node.finished","payload":{"workflowId":"4rTqug5Ahu9X3nVw","workflowName":"Vapileadsoource","executionId":"30","nodeType":"n8n-nodes-base.webhook","nodeName":"Vapi Webhook","nodeId":"0eb20349-2fb9-4edb-8444-1a862be9abe5"}}
{"__type":"$$EventMessageConfirm","confirm":"5fb2c832-83f0-4dca-8867-24c43ccecc11","ts":"2025-11-25T11:40:50.352-05:00","source":{"id":"0","name":"eventBus"}}
{"__type":"$$EventMessageNode","id":"77bbdd04-d020-45f6-9c73-e74fd350d159","ts":"2025-11-25T11:40:50.352-05:00","eventName":"n8n.node.started","message":"n8n.node.started","payload":{"workflowId":"4rTqug5Ahu9X3nVw","workflowName":"Vapileadsoource","executionId":"30","nodeType":"n8n-nodes-base.set","nodeName":"Extract Vapi Data","nodeId":"d066dafe-6df3-4b1c-99e8-9e3521fce497"}}
{"__type":"$$EventMessageConfirm","confirm":"77bbdd04-d020-45f6-9c73-e74fd350d159","ts":"2025-11-25T11:40:50.352-05:00","source":{"id":"0","name":"eventBus"}}
{"__type":"$$EventMessageNode","id":"283807e7-c6dc-4678-a18d-fd1245740a1d","ts":"2025-11-25T11:40:50.354-05:00","eventName":"n8n.node.finished","message":"n8n.node.finished","payload":{"workflowId":"4rTqug5Ahu9X3nVw","workflowName":"Vapileadsoource","executionId":"30","nodeType":"n8n-nodes-base.set","nodeName":"Extract Vapi Data","nodeId":"d066dafe-6df3-4b1c-99e8-9e3521fce497"}}
{"__type":"$$EventMessageConfirm","confirm":"283807e7-c6dc-4678-a18d-fd1245740a1d","ts":"2025-11-25T11:40:50.354-05:00","source":{"id":"0","name":"eventBus"}}
{"__type":"$$EventMessageNode","id":"1a22ec45-66ac-48a6-a7f0-da9851c3c26a","ts":"2025-11-25T11:40:50.354-05:00","eventName":"n8n.node.started","message":"n8n.node.started","payload":{"workflowId":"4rTqug5Ahu9X3nVw","workflowName":"Vapileadsoource","executionId":"30","nodeType":"n8n-nodes-base.googleSheets","nodeName":"Add to Google Sheets","nodeId":"b204e612-3117-4c29-b6fb-f1979990b536"}}
{"__type":"$$EventMessageConfirm","confirm":"1a22ec45-66ac-48a6-a7f0-da9851c3c26a","ts":"2025-11-25T11:40:50.354-05:00","source":{"id":"0","name":"eventBus"}}
{"__type":"$$EventMessageNode","id":"81e4aaee-cdfc-4354-882a-f0345e0a0990","ts":"2025-11-25T11:40:53.129-05:00","eventName":"n8n.node.finished","message":"n8n.node.finished","payload":{"workflowId":"4rTqug5Ahu9X3nVw","workflowName":"Vapileadsoource","executionId":"30","nodeType":"n8n-nodes-base.googleSheets","nodeName":"Add to Google Sheets","nodeId":"b204e612-3117-4c29-b6fb-f1979990b536"}}
{"__type":"$$EventMessageConfirm","confirm":"81e4aaee-cdfc-4354-882a-f0345e0a0990","ts":"2025-11-25T11:40:53.130-05:00","source":{"id":"0","name":"eventBus"}}
{"__type":"$$EventMessageNode","id":"fbcaa29e-586d-4c10-8ca2-da7ee8d7db61","ts":"2025-11-25T11:40:53.130-05:00","eventName":"n8n.node.started","message":"n8n.node.started","payload":{"workflowId":"4rTqug5Ahu9X3nVw","workflowName":"Vapileadsoource","executionId":"30","nodeType":"n8n-nodes-base.respondToWebhook","nodeName":"Respond to Vapi","nodeId":"95a9261b-84d4-4ff9-8097-82afc2215be1"}}
{"__type":"$$EventMessageConfirm","confirm":"fbcaa29e-586d-4c10-8ca2-da7ee8d7db61","ts":"2025-11-25T11:40:53.130-05:00","source":{"id":"0","name":"eventBus"}}
{"__type":"$$EventMessageNode","id":"0622c873-3655-4e8e-ae0c-bef5a53f35e2","ts":"2025-11-25T11:40:53.136-05:00","eventName":"n8n.node.finished","message":"n8n.node.finished","payload":{"workflowId":"4rTqug5Ahu9X3nVw","workflowName":"Vapileadsoource","executionId":"30","nodeType":"n8n-nodes-base.respondToWebhook","nodeName":"Respond to Vapi","nodeId":"95a9261b-84d4-4ff9-8097-82afc2215be1"}}
{"__type":"$$EventMessageConfirm","confirm":"0622c873-3655-4e8e-ae0c-bef5a53f35e2","ts":"2025-11-25T11:40:53.136-05:00","source":{"id":"0","name":"eventBus"}}
{"__type":"$$EventMessageWorkflow","id":"3db76bcf-ae9d-494b-905a-37c4cf2e151c","ts":"2025-11-25T11:40:53.137-05:00","eventName":"n8n.workflow.success","message":"n8n.workflow.success","payload":{"executionId":"30","success":true,"isManual":false,"workflowId":"4rTqug5Ahu9X3nVw","workflowName":"Vapileadsoource"}}
{"__type":"$$EventMessageConfirm","confirm":"3db76bcf-ae9d-494b-905a-37c4cf2e151c","ts":"2025-11-25T11:40:53.137-05:00","source":{"id":"0","name":"eventBus"}}
{"__type":"$$EventMessageWorkflow","id":"04ad0d2e-7f73-48d6-bc9a-f544d85eed95","ts":"2025-11-25T11:41:09.597-05:00","eventName":"n8n.workflow.started","message":"n8n.workflow.started","payload":{"executionId":"31","workflowId":"4rTqug5Ahu9X3nVw","isManual":false,"workflowName":"Vapileadsoource"}}
{"__type":"$$EventMessageConfirm","confirm":"04ad0d2e-7f73-48d6-bc9a-f544d85eed95","ts":"2025-11-25T11:41:09.597-05:00","source":{"id":"0","name":"eventBus"}}
{"__type":"$$EventMessageNode","id":"9e8be30a-905d-427c-9a96-59e0aff7f307","ts":"2025-11-25T11:41:09.597-05:00","eventName":"n8n.node.started","message":"n8n.node.started","payload":{"workflowId":"4rTqug5Ahu9X3nVw","workflowName":"Vapileadsoource","executionId":"31","nodeType":"n8n-nodes-base.webhook","nodeName":"Vapi Webhook","nodeId":"0eb20349-2fb9-4edb-8444-1a862be9abe5"}}
{"__type":"$$EventMessageConfirm","confirm":"9e8be30a-905d-427c-9a96-59e0aff7f307","ts":"2025-11-25T11:41:09.597-05:00","source":{"id":"0","name":"eventBus"}}
{"__type":"$$EventMessageNode","id":"618d2636-cce0-459d-9db3-38de685ece67","ts":"2025-11-25T11:41:09.597-05:00","eventName":"n8n.node.finished","message":"n8n.node.finished","payload":{"workflowId":"4rTqug5Ahu9X3nVw","workflowName":"Vapileadsoource","executionId":"31","nodeType":"n8n-nodes-base.webhook","nodeName":"Vapi Webhook","nodeId":"0eb20349-2fb9-4edb-8444-1a862be9abe5"}}
{"__type":"$$EventMessageConfirm","confirm":"618d2636-cce0-459d-9db3-38de685ece67","ts":"2025-11-25T11:41:09.598-05:00","source":{"id":"0","name":"eventBus"}}
{"__type":"$$EventMessageNode","id":"9d535e99-d344-40db-baeb-f6dbaf780d5b","ts":"2025-11-25T11:41:09.598-05:00","eventName":"n8n.node.started","message":"n8n.node.started","payload":{"workflowId":"4rTqug5Ahu9X3nVw","workflowName":"Vapileadsoource","executionId":"31","nodeType":"n8n-nodes-base.set","nodeName":"Extract Vapi Data","nodeId":"d066dafe-6df3-4b1c-99e8-9e3521fce497"}}
{"__type":"$$EventMessageConfirm","confirm":"9d535e99-d344-40db-baeb-f6dbaf780d5b","ts":"2025-11-25T11:41:09.598-05:00","source":{"id":"0","name":"eventBus"}}
{"__type":"$$EventMessageNode","id":"d4c7a800-e0bb-410d-9ec0-9aab1a9ce4ec","ts":"2025-11-25T11:41:09.598-05:00","eventName":"n8n.node.finished","message":"n8n.node.finished","payload":{"workflowId":"4rTqug5Ahu9X3nVw","workflowName":"Vapileadsoource","executionId":"31","nodeType":"n8n-nodes-base.set","nodeName":"Extract Vapi Data","nodeId":"d066dafe-6df3-4b1c-99e8-9e3521fce497"}}
{"__type":"$$EventMessageConfirm","confirm":"d4c7a800-e0bb-410d-9ec0-9aab1a9ce4ec","ts":"2025-11-25T11:41:09.598-05:00","source":{"id":"0","name":"eventBus"}}
{"__type":"$$EventMessageNode","id":"38ce7782-5e96-4976-b1ac-42fb14fcaa98","ts":"2025-11-25T11:41:09.598-05:00","eventName":"n8n.node.started","message":"n8n.node.started","payload":{"workflowId":"4rTqug5Ahu9X3nVw","workflowName":"Vapileadsoource","executionId":"31","nodeType":"n8n-nodes-base.googleSheets","nodeName":"Add to Google Sheets","nodeId":"b204e612-3117-4c29-b6fb-f1979990b536"}}
{"__type":"$$EventMessageConfirm","confirm":"38ce7782-5e96-4976-b1ac-42fb14fcaa98","ts":"2025-11-25T11:41:09.598-05:00","source":{"id":"0","name":"eventBus"}}
{"__type":"$$EventMessageNode","id":"fcbdaab5-36dd-4406-b7dd-f6529088eed9","ts":"2025-11-25T11:41:12.358-05:00","eventName":"n8n.node.finished","message":"n8n.node.finished","payload":{"workflowId":"4rTqug5Ahu9X3nVw","workflowName":"Vapileadsoource","executionId":"31","nodeType":"n8n-nodes-base.googleSheets","nodeName":"Add to Google Sheets","nodeId":"b204e612-3117-4c29-b6fb-f1979990b536"}}
{"__type":"$$EventMessageConfirm","confirm":"fcbdaab5-36dd-4406-b7dd-f6529088eed9","ts":"2025-11-25T11:41:12.358-05:00","source":{"id":"0","name":"eventBus"}}
{"__type":"$$EventMessageNode","id":"034e8b23-f3fb-4ea1-b51e-60a9b1a3686e","ts":"2025-11-25T11:41:12.359-05:00","eventName":"n8n.node.started","message":"n8n.node.started","payload":{"workflowId":"4rTqug5Ahu9X3nVw","workflowName":"Vapileadsoource","executionId":"31","nodeType":"n8n-nodes-base.respondToWebhook","nodeName":"Respond to Vapi","nodeId":"95a9261b-84d4-4ff9-8097-82afc2215be1"}}
{"__type":"$$EventMessageConfirm","confirm":"034e8b23-f3fb-4ea1-b51e-60a9b1a3686e","ts":"2025-11-25T11:41:12.359-05:00","source":{"id":"0","name":"eventBus"}}
{"__type":"$$EventMessageNode","id":"f5b3882e-1d0b-4c66-8dae-1fbc82842c21","ts":"2025-11-25T11:41:12.363-05:00","eventName":"n8n.node.finished","message":"n8n.node.finished","payload":{"workflowId":"4rTqug5Ahu9X3nVw","workflowName":"Vapileadsoource","executionId":"31","nodeType":"n8n-nodes-base.respondToWebhook","nodeName":"Respond to Vapi","nodeId":"95a9261b-84d4-4ff9-8097-82afc2215be1"}}
{"__type":"$$EventMessageConfirm","confirm":"f5b3882e-1d0b-4c66-8dae-1fbc82842c21","ts":"2025-11-25T11:41:12.364-05:00","source":{"id":"0","name":"eventBus"}}
{"__type":"$$EventMessageWorkflow","id":"a886b079-6261-4b80-b647-f9db6b510d4f","ts":"2025-11-25T11:41:12.364-05:00","eventName":"n8n.workflow.success","message":"n8n.workflow.success","payload":{"executionId":"31","success":true,"isManual":false,"workflowId":"4rTqug5Ahu9X3nVw","workflowName":"Vapileadsoource"}}
{"__type":"$$EventMessageConfirm","confirm":"a886b079-6261-4b80-b647-f9db6b510d4f","ts":"2025-11-25T11:41:12.364-05:00","source":{"id":"0","name":"eventBus"}}
{"__type":"$$EventMessageWorkflow","id":"48ee29b2-11e3-4478-9455-5365b268b20e","ts":"2025-11-25T11:42:58.069-05:00","eventName":"n8n.workflow.started","message":"n8n.workflow.started","payload":{"executionId":"32","workflowId":"4rTqug5Ahu9X3nVw","isManual":false,"workflowName":"Vapileadsoource"}}
{"__type":"$$EventMessageConfirm","confirm":"48ee29b2-11e3-4478-9455-5365b268b20e","ts":"2025-11-25T11:42:58.070-05:00","source":{"id":"0","name":"eventBus"}}
{"__type":"$$EventMessageNode","id":"fa3107df-ab48-4ad8-ab73-366325ccd1e6","ts":"2025-11-25T11:42:58.071-05:00","eventName":"n8n.node.started","message":"n8n.node.started","payload":{"workflowId":"4rTqug5Ahu9X3nVw","workflowName":"Vapileadsoource","executionId":"32","nodeType":"n8n-nodes-base.webhook","nodeName":"Vapi Webhook","nodeId":"0eb20349-2fb9-4edb-8444-1a862be9abe5"}}
{"__type":"$$EventMessageConfirm","confirm":"fa3107df-ab48-4ad8-ab73-366325ccd1e6","ts":"2025-11-25T11:42:58.071-05:00","source":{"id":"0","name":"eventBus"}}
{"__type":"$$EventMessageNode","id":"d351884e-962f-4cbe-96fd-fc3e39842910","ts":"2025-11-25T11:42:58.072-05:00","eventName":"n8n.node.finished","message":"n8n.node.finished","payload":{"workflowId":"4rTqug5Ahu9X3nVw","workflowName":"Vapileadsoource","executionId":"32","nodeType":"n8n-nodes-base.webhook","nodeName":"Vapi Webhook","nodeId":"0eb20349-2fb9-4edb-8444-1a862be9abe5"}}
{"__type":"$$EventMessageConfirm","confirm":"d351884e-962f-4cbe-96fd-fc3e39842910","ts":"2025-11-25T11:42:58.072-05:00","source":{"id":"0","name":"eventBus"}}
{"__type":"$$EventMessageNode","id":"e335a802-7f4c-4a90-90ae-d78a390b79b5","ts":"2025-11-25T11:42:58.073-05:00","eventName":"n8n.node.started","message":"n8n.node.started","payload":{"workflowId":"4rTqug5Ahu9X3nVw","workflowName":"Vapileadsoource","executionId":"32","nodeType":"n8n-nodes-base.set","nodeName":"Extract Vapi Data","nodeId":"d066dafe-6df3-4b1c-99e8-9e3521fce497"}}
{"__type":"$$EventMessageConfirm","confirm":"e335a802-7f4c-4a90-90ae-d78a390b79b5","ts":"2025-11-25T11:42:58.073-05:00","source":{"id":"0","name":"eventBus"}}
{"__type":"$$EventMessageNode","id":"88d5c256-2836-43ef-bd84-41c248234e87","ts":"2025-11-25T11:42:58.074-05:00","eventName":"n8n.node.finished","message":"n8n.node.finished","payload":{"workflowId":"4rTqug5Ahu9X3nVw","workflowName":"Vapileadsoource","executionId":"32","nodeType":"n8n-nodes-base.set","nodeName":"Extract Vapi Data","nodeId":"d066dafe-6df3-4b1c-99e8-9e3521fce497"}}
{"__type":"$$EventMessageConfirm","confirm":"88d5c256-2836-43ef-bd84-41c248234e87","ts":"2025-11-25T11:42:58.074-05:00","source":{"id":"0","name":"eventBus"}}
{"__type":"$$EventMessageNode","id":"a3af7055-959a-4c64-ad36-a52405707d3b","ts":"2025-11-25T11:42:58.074-05:00","eventName":"n8n.node.started","message":"n8n.node.started","payload":{"workflowId":"4rTqug5Ahu9X3nVw","workflowName":"Vapileadsoource","executionId":"32","nodeType":"n8n-nodes-base.googleSheets","nodeName":"Add to Google Sheets","nodeId":"b204e612-3117-4c29-b6fb-f1979990b536"}}
{"__type":"$$EventMessageConfirm","confirm":"a3af7055-959a-4c64-ad36-a52405707d3b","ts":"2025-11-25T11:42:58.074-05:00","source":{"id":"0","name":"eventBus"}}
{"__type":"$$EventMessageNode","id":"0e14eff5-7531-42ef-941a-30b7db0ffc0d","ts":"2025-11-25T11:43:00.929-05:00","eventName":"n8n.node.finished","message":"n8n.node.finished","payload":{"workflowId":"4rTqug5Ahu9X3nVw","workflowName":"Vapileadsoource","executionId":"32","nodeType":"n8n-nodes-base.googleSheets","nodeName":"Add to Google Sheets","nodeId":"b204e612-3117-4c29-b6fb-f1979990b536"}}
{"__type":"$$EventMessageConfirm","confirm":"0e14eff5-7531-42ef-941a-30b7db0ffc0d","ts":"2025-11-25T11:43:00.931-05:00","source":{"id":"0","name":"eventBus"}}
{"__type":"$$EventMessageNode","id":"4e874e4c-1617-481e-ab59-0e7782c81bcd","ts":"2025-11-25T11:43:00.932-05:00","eventName":"n8n.node.started","message":"n8n.node.started","payload":{"workflowId":"4rTqug5Ahu9X3nVw","workflowName":"Vapileadsoource","executionId":"32","nodeType":"n8n-nodes-base.respondToWebhook","nodeName":"Respond to Vapi","nodeId":"95a9261b-84d4-4ff9-8097-82afc2215be1"}}
{"__type":"$$EventMessageConfirm","confirm":"4e874e4c-1617-481e-ab59-0e7782c81bcd","ts":"2025-11-25T11:43:00.932-05:00","source":{"id":"0","name":"eventBus"}}
{"__type":"$$EventMessageNode","id":"61a42969-2c6f-4fad-aea6-88e25f505a0f","ts":"2025-11-25T11:43:00.950-05:00","eventName":"n8n.node.finished","message":"n8n.node.finished","payload":{"workflowId":"4rTqug5Ahu9X3nVw","workflowName":"Vapileadsoource","executionId":"32","nodeType":"n8n-nodes-base.respondToWebhook","nodeName":"Respond to Vapi","nodeId":"95a9261b-84d4-4ff9-8097-82afc2215be1"}}
{"__type":"$$EventMessageConfirm","confirm":"61a42969-2c6f-4fad-aea6-88e25f505a0f","ts":"2025-11-25T11:43:00.950-05:00","source":{"id":"0","name":"eventBus"}}
{"__type":"$$EventMessageWorkflow","id":"7efa16d8-cac8-414a-a5dd-86a548ea8fd4","ts":"2025-11-25T11:43:00.951-05:00","eventName":"n8n.workflow.success","message":"n8n.workflow.success","payload":{"executionId":"32","success":true,"isManual":false,"workflowId":"4rTqug5Ahu9X3nVw","workflowName":"Vapileadsoource"}}
{"__type":"$$EventMessageConfirm","confirm":"7efa16d8-cac8-414a-a5dd-86a548ea8fd4","ts":"2025-11-25T11:43:00.951-05:00","source":{"id":"0","name":"eventBus"}}
{"__type":"$$EventMessageWorkflow","id":"df0678ac-f4a3-43aa-bf86-2f40264d1831","ts":"2025-11-25T11:47:18.400-05:00","eventName":"n8n.workflow.started","message":"n8n.workflow.started","payload":{"executionId":"33","workflowId":"4rTqug5Ahu9X3nVw","isManual":false,"workflowName":"Vapileadsoource"}}
{"__type":"$$EventMessageConfirm","confirm":"df0678ac-f4a3-43aa-bf86-2f40264d1831","ts":"2025-11-25T11:47:18.400-05:00","source":{"id":"0","name":"eventBus"}}
{"__type":"$$EventMessageNode","id":"035fea15-e743-4427-bf05-32182aaf8d6f","ts":"2025-11-25T11:47:18.400-05:00","eventName":"n8n.node.started","message":"n8n.node.started","payload":{"workflowId":"4rTqug5Ahu9X3nVw","workflowName":"Vapileadsoource","executionId":"33","nodeType":"n8n-nodes-base.webhook","nodeName":"Vapi Webhook","nodeId":"0eb20349-2fb9-4edb-8444-1a862be9abe5"}}
{"__type":"$$EventMessageConfirm","confirm":"035fea15-e743-4427-bf05-32182aaf8d6f","ts":"2025-11-25T11:47:18.400-05:00","source":{"id":"0","name":"eventBus"}}
{"__type":"$$EventMessageNode","id":"0c009956-5b5b-4160-960e-f46025e0bbf2","ts":"2025-11-25T11:47:18.400-05:00","eventName":"n8n.node.finished","message":"n8n.node.finished","payload":{"workflowId":"4rTqug5Ahu9X3nVw","workflowName":"Vapileadsoource","executionId":"33","nodeType":"n8n-nodes-base.webhook","nodeName":"Vapi Webhook","nodeId":"0eb20349-2fb9-4edb-8444-1a862be9abe5"}}
{"__type":"$$EventMessageConfirm","confirm":"0c009956-5b5b-4160-960e-f46025e0bbf2","ts":"2025-11-25T11:47:18.400-05:00","source":{"id":"0","name":"eventBus"}}
{"__type":"$$EventMessageNode","id":"4eeb63df-752f-4e26-9b76-5b9ac1196b1b","ts":"2025-11-25T11:47:18.400-05:00","eventName":"n8n.node.started","message":"n8n.node.started","payload":{"workflowId":"4rTqug5Ahu9X3nVw","workflowName":"Vapileadsoource","executionId":"33","nodeType":"n8n-nodes-base.set","nodeName":"Extract Vapi Data","nodeId":"d066dafe-6df3-4b1c-99e8-9e3521fce497"}}
{"__type":"$$EventMessageConfirm","confirm":"4eeb63df-752f-4e26-9b76-5b9ac1196b1b","ts":"2025-11-25T11:47:18.401-05:00","source":{"id":"0","name":"eventBus"}}
{"__type":"$$EventMessageNode","id":"60b2b62e-0ebf-4563-a3fa-0b199710f86e","ts":"2025-11-25T11:47:18.401-05:00","eventName":"n8n.node.finished","message":"n8n.node.finished","payload":{"workflowId":"4rTqug5Ahu9X3nVw","workflowName":"Vapileadsoource","executionId":"33","nodeType":"n8n-nodes-base.set","nodeName":"Extract Vapi Data","nodeId":"d066dafe-6df3-4b1c-99e8-9e3521fce497"}}
{"__type":"$$EventMessageConfirm","confirm":"60b2b62e-0ebf-4563-a3fa-0b199710f86e","ts":"2025-11-25T11:47:18.401-05:00","source":{"id":"0","name":"eventBus"}}
{"__type":"$$EventMessageNode","id":"143d6b52-d49b-4379-a0c3-61391125d65a","ts":"2025-11-25T11:47:18.402-05:00","eventName":"n8n.node.started","message":"n8n.node.started","payload":{"workflowId":"4rTqug5Ahu9X3nVw","workflowName":"Vapileadsoource","executionId":"33","nodeType":"n8n-nodes-base.googleSheets","nodeName":"Add to Google Sheets","nodeId":"b204e612-3117-4c29-b6fb-f1979990b536"}}
{"__type":"$$EventMessageConfirm","confirm":"143d6b52-d49b-4379-a0c3-61391125d65a","ts":"2025-11-25T11:47:18.402-05:00","source":{"id":"0","name":"eventBus"}}
{"__type":"$$EventMessageNode","id":"48816ff2-8932-489b-aa45-a21d6442b4d7","ts":"2025-11-25T11:47:23.716-05:00","eventName":"n8n.node.finished","message":"n8n.node.finished","payload":{"workflowId":"4rTqug5Ahu9X3nVw","workflowName":"Vapileadsoource","executionId":"33","nodeType":"n8n-nodes-base.googleSheets","nodeName":"Add to Google Sheets","nodeId":"b204e612-3117-4c29-b6fb-f1979990b536"}}
{"__type":"$$EventMessageConfirm","confirm":"48816ff2-8932-489b-aa45-a21d6442b4d7","ts":"2025-11-25T11:47:23.716-05:00","source":{"id":"0","name":"eventBus"}}
{"__type":"$$EventMessageNode","id":"5e91ca12-2be2-4751-9eda-ec10369bab9d","ts":"2025-11-25T11:47:23.717-05:00","eventName":"n8n.node.started","message":"n8n.node.started","payload":{"workflowId":"4rTqug5Ahu9X3nVw","workflowName":"Vapileadsoource","executionId":"33","nodeType":"n8n-nodes-base.respondToWebhook","nodeName":"Respond to Vapi","nodeId":"95a9261b-84d4-4ff9-8097-82afc2215be1"}}
{"__type":"$$EventMessageConfirm","confirm":"5e91ca12-2be2-4751-9eda-ec10369bab9d","ts":"2025-11-25T11:47:23.717-05:00","source":{"id":"0","name":"eventBus"}}
{"__type":"$$EventMessageNode","id":"57e22f1e-6467-43c6-860e-7a59aa0f3587","ts":"2025-11-25T11:47:23.722-05:00","eventName":"n8n.node.finished","message":"n8n.node.finished","payload":{"workflowId":"4rTqug5Ahu9X3nVw","workflowName":"Vapileadsoource","executionId":"33","nodeType":"n8n-nodes-base.respondToWebhook","nodeName":"Respond to Vapi","nodeId":"95a9261b-84d4-4ff9-8097-82afc2215be1"}}
{"__type":"$$EventMessageConfirm","confirm":"57e22f1e-6467-43c6-860e-7a59aa0f3587","ts":"2025-11-25T11:47:23.722-05:00","source":{"id":"0","name":"eventBus"}}
{"__type":"$$EventMessageWorkflow","id":"bbb8385f-9d94-45dd-a54d-c63e5f4b9d9a","ts":"2025-11-25T11:47:23.722-05:00","eventName":"n8n.workflow.success","message":"n8n.workflow.success","payload":{"executionId":"33","success":true,"isManual":false,"workflowId":"4rTqug5Ahu9X3nVw","workflowName":"Vapileadsoource"}}
{"__type":"$$EventMessageConfirm","confirm":"bbb8385f-9d94-45dd-a54d-c63e5f4b9d9a","ts":"2025-11-25T11:47:23.722-05:00","source":{"id":"0","name":"eventBus"}}
{"__type":"$$EventMessageWorkflow","id":"28d1b9fe-d679-4c97-93b2-9d46d9135a03","ts":"2025-11-25T11:47:57.721-05:00","eventName":"n8n.workflow.started","message":"n8n.workflow.started","payload":{"executionId":"34","workflowId":"4rTqug5Ahu9X3nVw","isManual":false,"workflowName":"Vapileadsoource"}}
{"__type":"$$EventMessageConfirm","confirm":"28d1b9fe-d679-4c97-93b2-9d46d9135a03","ts":"2025-11-25T11:47:57.721-05:00","source":{"id":"0","name":"eventBus"}}
{"__type":"$$EventMessageNode","id":"4d29b37c-a828-4d6f-bef8-ff593c213ca6","ts":"2025-11-25T11:47:57.722-05:00","eventName":"n8n.node.started","message":"n8n.node.started","payload":{"workflowId":"4rTqug5Ahu9X3nVw","workflowName":"Vapileadsoource","executionId":"34","nodeType":"n8n-nodes-base.webhook","nodeName":"Vapi Webhook","nodeId":"0eb20349-2fb9-4edb-8444-1a862be9abe5"}}
{"__type":"$$EventMessageConfirm","confirm":"4d29b37c-a828-4d6f-bef8-ff593c213ca6","ts":"2025-11-25T11:47:57.722-05:00","source":{"id":"0","name":"eventBus"}}
{"__type":"$$EventMessageNode","id":"f2eebeeb-0058-43aa-909d-b33845a3e663","ts":"2025-11-25T11:47:57.722-05:00","eventName":"n8n.node.finished","message":"n8n.node.finished","payload":{"workflowId":"4rTqug5Ahu9X3nVw","workflowName":"Vapileadsoource","executionId":"34","nodeType":"n8n-nodes-base.webhook","nodeName":"Vapi Webhook","nodeId":"0eb20349-2fb9-4edb-8444-1a862be9abe5"}}
{"__type":"$$EventMessageConfirm","confirm":"f2eebeeb-0058-43aa-909d-b33845a3e663","ts":"2025-11-25T11:47:57.722-05:00","source":{"id":"0","name":"eventBus"}}
{"__type":"$$EventMessageNode","id":"b3931719-e695-47c6-9255-fc7d1c94135a","ts":"2025-11-25T11:47:57.722-05:00","eventName":"n8n.node.started","message":"n8n.node.started","payload":{"workflowId":"4rTqug5Ahu9X3nVw","workflowName":"Vapileadsoource","executionId":"34","nodeType":"n8n-nodes-base.set","nodeName":"Extract Vapi Data","nodeId":"d066dafe-6df3-4b1c-99e8-9e3521fce497"}}
{"__type":"$$EventMessageConfirm","confirm":"b3931719-e695-47c6-9255-fc7d1c94135a","ts":"2025-11-25T11:47:57.722-05:00","source":{"id":"0","name":"eventBus"}}
{"__type":"$$EventMessageNode","id":"bbf1a621-c632-472e-993b-1ea1b640b112","ts":"2025-11-25T11:47:57.723-05:00","eventName":"n8n.node.finished","message":"n8n.node.finished","payload":{"workflowId":"4rTqug5Ahu9X3nVw","workflowName":"Vapileadsoource","executionId":"34","nodeType":"n8n-nodes-base.set","nodeName":"Extract Vapi Data","nodeId":"d066dafe-6df3-4b1c-99e8-9e3521fce497"}}
{"__type":"$$EventMessageConfirm","confirm":"bbf1a621-c632-472e-993b-1ea1b640b112","ts":"2025-11-25T11:47:57.723-05:00","source":{"id":"0","name":"eventBus"}}
{"__type":"$$EventMessageNode","id":"65b31c5f-694a-4c90-889b-03245ccfc52f","ts":"2025-11-25T11:47:57.723-05:00","eventName":"n8n.node.started","message":"n8n.node.started","payload":{"workflowId":"4rTqug5Ahu9X3nVw","workflowName":"Vapileadsoource","executionId":"34","nodeType":"n8n-nodes-base.googleSheets","nodeName":"Add to Google Sheets","nodeId":"b204e612-3117-4c29-b6fb-f1979990b536"}}
{"__type":"$$EventMessageConfirm","confirm":"65b31c5f-694a-4c90-889b-03245ccfc52f","ts":"2025-11-25T11:47:57.723-05:00","source":{"id":"0","name":"eventBus"}}
{"__type":"$$EventMessageNode","id":"7a322dcf-f96b-439f-89bc-7ffca81b8eca","ts":"2025-11-25T11:48:01.355-05:00","eventName":"n8n.node.finished","message":"n8n.node.finished","payload":{"workflowId":"4rTqug5Ahu9X3nVw","workflowName":"Vapileadsoource","executionId":"34","nodeType":"n8n-nodes-base.googleSheets","nodeName":"Add to Google Sheets","nodeId":"b204e612-3117-4c29-b6fb-f1979990b536"}}
{"__type":"$$EventMessageConfirm","confirm":"7a322dcf-f96b-439f-89bc-7ffca81b8eca","ts":"2025-11-25T11:48:01.355-05:00","source":{"id":"0","name":"eventBus"}}
{"__type":"$$EventMessageNode","id":"33ca83fa-718e-4f0a-b853-464fee084f59","ts":"2025-11-25T11:48:01.356-05:00","eventName":"n8n.node.started","message":"n8n.node.started","payload":{"workflowId":"4rTqug5Ahu9X3nVw","workflowName":"Vapileadsoource","executionId":"34","nodeType":"n8n-nodes-base.respondToWebhook","nodeName":"Respond to Vapi","nodeId":"95a9261b-84d4-4ff9-8097-82afc2215be1"}}
{"__type":"$$EventMessageConfirm","confirm":"33ca83fa-718e-4f0a-b853-464fee084f59","ts":"2025-11-25T11:48:01.356-05:00","source":{"id":"0","name":"eventBus"}}
{"__type":"$$EventMessageNode","id":"03bd77e8-dc64-450f-85b9-8301f0630947","ts":"2025-11-25T11:48:01.360-05:00","eventName":"n8n.node.finished","message":"n8n.node.finished","payload":{"workflowId":"4rTqug5Ahu9X3nVw","workflowName":"Vapileadsoource","executionId":"34","nodeType":"n8n-nodes-base.respondToWebhook","nodeName":"Respond to Vapi","nodeId":"95a9261b-84d4-4ff9-8097-82afc2215be1"}}
{"__type":"$$EventMessageConfirm","confirm":"03bd77e8-dc64-450f-85b9-8301f0630947","ts":"2025-11-25T11:48:01.361-05:00","source":{"id":"0","name":"eventBus"}}
{"__type":"$$EventMessageWorkflow","id":"d2a1e62e-ee12-441a-bf32-6228b2c78154","ts":"2025-11-25T11:48:01.362-05:00","eventName":"n8n.workflow.success","message":"n8n.workflow.success","payload":{"executionId":"34","success":true,"isManual":false,"workflowId":"4rTqug5Ahu9X3nVw","workflowName":"Vapileadsoource"}}
{"__type":"$$EventMessageConfirm","confirm":"d2a1e62e-ee12-441a-bf32-6228b2c78154","ts":"2025-11-25T11:48:01.362-05:00","source":{"id":"0","name":"eventBus"}}
{"__type":"$$EventMessageWorkflow","id":"6ae03a9b-d279-49e0-afbb-ba882633256e","ts":"2025-11-25T11:54:49.889-05:00","eventName":"n8n.workflow.started","message":"n8n.workflow.started","payload":{"executionId":"35","workflowId":"4rTqug5Ahu9X3nVw","isManual":false,"workflowName":"Vapileadsoource"}}
{"__type":"$$EventMessageConfirm","confirm":"6ae03a9b-d279-49e0-afbb-ba882633256e","ts":"2025-11-25T11:54:49.890-05:00","source":{"id":"0","name":"eventBus"}}
{"__type":"$$EventMessageNode","id":"e63b6221-3c45-43c3-973d-d75e5f4213cc","ts":"2025-11-25T11:54:49.893-05:00","eventName":"n8n.node.started","message":"n8n.node.started","payload":{"workflowId":"4rTqug5Ahu9X3nVw","workflowName":"Vapileadsoource","executionId":"35","nodeType":"n8n-nodes-base.webhook","nodeName":"Vapi Webhook","nodeId":"0eb20349-2fb9-4edb-8444-1a862be9abe5"}}
{"__type":"$$EventMessageConfirm","confirm":"e63b6221-3c45-43c3-973d-d75e5f4213cc","ts":"2025-11-25T11:54:49.894-05:00","source":{"id":"0","name":"eventBus"}}
{"__type":"$$EventMessageNode","id":"fa3eaba9-3790-4b98-92a0-5f903ed406e3","ts":"2025-11-25T11:54:49.895-05:00","eventName":"n8n.node.finished","message":"n8n.node.finished","payload":{"workflowId":"4rTqug5Ahu9X3nVw","workflowName":"Vapileadsoource","executionId":"35","nodeType":"n8n-nodes-base.webhook","nodeName":"Vapi Webhook","nodeId":"0eb20349-2fb9-4edb-8444-1a862be9abe5"}}
{"__type":"$$EventMessageConfirm","confirm":"fa3eaba9-3790-4b98-92a0-5f903ed406e3","ts":"2025-11-25T11:54:49.895-05:00","source":{"id":"0","name":"eventBus"}}
{"__type":"$$EventMessageWorkflow","id":"8063fb19-2e35-4ced-ba4c-7cbba81fbeb7","ts":"2025-11-25T11:54:49.952-05:00","eventName":"n8n.workflow.success","message":"n8n.workflow.success","payload":{"executionId":"35","success":true,"isManual":true,"workflowId":"4rTqug5Ahu9X3nVw","workflowName":"Vapileadsoource"}}
{"__type":"$$EventMessageConfirm","confirm":"8063fb19-2e35-4ced-ba4c-7cbba81fbeb7","ts":"2025-11-25T11:54:49.953-05:00","source":{"id":"0","name":"eventBus"}}
{"__type":"$$EventMessageWorkflow","id":"2cad0f84-73bd-4d50-9db5-2c25e97173ee","ts":"2025-11-25T11:56:43.667-05:00","eventName":"n8n.workflow.started","message":"n8n.workflow.started","payload":{"executionId":"36","workflowId":"4rTqug5Ahu9X3nVw","isManual":false,"workflowName":"Vapileadsoource"}}
{"__type":"$$EventMessageConfirm","confirm":"2cad0f84-73bd-4d50-9db5-2c25e97173ee","ts":"2025-11-25T11:56:43.668-05:00","source":{"id":"0","name":"eventBus"}}
{"__type":"$$EventMessageNode","id":"9348310a-3ae1-4de5-ace3-e0811ec41103","ts":"2025-11-25T11:56:43.669-05:00","eventName":"n8n.node.started","message":"n8n.node.started","payload":{"workflowId":"4rTqug5Ahu9X3nVw","workflowName":"Vapileadsoource","executionId":"36","nodeType":"n8n-nodes-base.webhook","nodeName":"Vapi Webhook","nodeId":"0eb20349-2fb9-4edb-8444-1a862be9abe5"}}
{"__type":"$$EventMessageConfirm","confirm":"9348310a-3ae1-4de5-ace3-e0811ec41103","ts":"2025-11-25T11:56:43.670-05:00","source":{"id":"0","name":"eventBus"}}
{"__type":"$$EventMessageNode","id":"796597bf-e120-4389-8cdd-34cbae5733aa","ts":"2025-11-25T11:56:43.671-05:00","eventName":"n8n.node.finished","message":"n8n.node.finished","payload":{"workflowId":"4rTqug5Ahu9X3nVw","workflowName":"Vapileadsoource","executionId":"36","nodeType":"n8n-nodes-base.webhook","nodeName":"Vapi Webhook","nodeId":"0eb20349-2fb9-4edb-8444-1a862be9abe5"}}
{"__type":"$$EventMessageConfirm","confirm":"796597bf-e120-4389-8cdd-34cbae5733aa","ts":"2025-11-25T11:56:43.671-05:00","source":{"id":"0","name":"eventBus"}}
{"__type":"$$EventMessageNode","id":"58619227-5405-487c-a464-7c47d96ac477","ts":"2025-11-25T11:56:43.671-05:00","eventName":"n8n.node.started","message":"n8n.node.started","payload":{"workflowId":"4rTqug5Ahu9X3nVw","workflowName":"Vapileadsoource","executionId":"36","nodeType":"n8n-nodes-base.set","nodeName":"Extract Vapi Data","nodeId":"d066dafe-6df3-4b1c-99e8-9e3521fce497"}}
{"__type":"$$EventMessageConfirm","confirm":"58619227-5405-487c-a464-7c47d96ac477","ts":"2025-11-25T11:56:43.671-05:00","source":{"id":"0","name":"eventBus"}}
{"__type":"$$EventMessageNode","id":"9ae370af-7fd7-4aa6-998c-48197686d51e","ts":"2025-11-25T11:56:43.675-05:00","eventName":"n8n.node.finished","message":"n8n.node.finished","payload":{"workflowId":"4rTqug5Ahu9X3nVw","workflowName":"Vapileadsoource","executionId":"36","nodeType":"n8n-nodes-base.set","nodeName":"Extract Vapi Data","nodeId":"d066dafe-6df3-4b1c-99e8-9e3521fce497"}}
{"__type":"$$EventMessageConfirm","confirm":"9ae370af-7fd7-4aa6-998c-48197686d51e","ts":"2025-11-25T11:56:43.675-05:00","source":{"id":"0","name":"eventBus"}}
{"__type":"$$EventMessageNode","id":"868f83df-a004-4db3-801b-1d61037a68c3","ts":"2025-11-25T11:56:43.675-05:00","eventName":"n8n.node.started","message":"n8n.node.started","payload":{"workflowId":"4rTqug5Ahu9X3nVw","workflowName":"Vapileadsoource","executionId":"36","nodeType":"n8n-nodes-base.googleSheets","nodeName":"Add to Google Sheets","nodeId":"b204e612-3117-4c29-b6fb-f1979990b536"}}
{"__type":"$$EventMessageConfirm","confirm":"868f83df-a004-4db3-801b-1d61037a68c3","ts":"2025-11-25T11:56:43.675-05:00","source":{"id":"0","name":"eventBus"}}
{"__type":"$$EventMessageNode","id":"8dcaef59-98d0-41a0-ab66-50d6f33f3bbe","ts":"2025-11-25T11:56:46.963-05:00","eventName":"n8n.node.finished","message":"n8n.node.finished","payload":{"workflowId":"4rTqug5Ahu9X3nVw","workflowName":"Vapileadsoource","executionId":"36","nodeType":"n8n-nodes-base.googleSheets","nodeName":"Add to Google Sheets","nodeId":"b204e612-3117-4c29-b6fb-f1979990b536"}}
{"__type":"$$EventMessageConfirm","confirm":"8dcaef59-98d0-41a0-ab66-50d6f33f3bbe","ts":"2025-11-25T11:56:46.965-05:00","source":{"id":"0","name":"eventBus"}}
{"__type":"$$EventMessageNode","id":"99465eac-363b-4162-a569-385e3aa3387b","ts":"2025-11-25T11:56:46.965-05:00","eventName":"n8n.node.started","message":"n8n.node.started","payload":{"workflowId":"4rTqug5Ahu9X3nVw","workflowName":"Vapileadsoource","executionId":"36","nodeType":"n8n-nodes-base.respondToWebhook","nodeName":"Respond to Vapi","nodeId":"95a9261b-84d4-4ff9-8097-82afc2215be1"}}
{"__type":"$$EventMessageConfirm","confirm":"99465eac-363b-4162-a569-385e3aa3387b","ts":"2025-11-25T11:56:46.965-05:00","source":{"id":"0","name":"eventBus"}}
{"__type":"$$EventMessageNode","id":"91faac54-1948-4f5e-a4b1-6d251c5c4538","ts":"2025-11-25T11:56:46.972-05:00","eventName":"n8n.node.finished","message":"n8n.node.finished","payload":{"workflowId":"4rTqug5Ahu9X3nVw","workflowName":"Vapileadsoource","executionId":"36","nodeType":"n8n-nodes-base.respondToWebhook","nodeName":"Respond to Vapi","nodeId":"95a9261b-84d4-4ff9-8097-82afc2215be1"}}
{"__type":"$$EventMessageConfirm","confirm":"91faac54-1948-4f5e-a4b1-6d251c5c4538","ts":"2025-11-25T11:56:46.972-05:00","source":{"id":"0","name":"eventBus"}}
{"__type":"$$EventMessageWorkflow","id":"db91313b-ead6-4b14-befd-9450248c2741","ts":"2025-11-25T11:56:46.972-05:00","eventName":"n8n.workflow.success","message":"n8n.workflow.success","payload":{"executionId":"36","success":true,"isManual":false,"workflowId":"4rTqug5Ahu9X3nVw","workflowName":"Vapileadsoource"}}
{"__type":"$$EventMessageConfirm","confirm":"db91313b-ead6-4b14-befd-9450248c2741","ts":"2025-11-25T11:56:46.973-05:00","source":{"id":"0","name":"eventBus"}}
{"__type":"$$EventMessageWorkflow","id":"a3725692-8fa6-4e62-8f44-ebe394a2e2bf","ts":"2025-11-25T12:13:57.325-05:00","eventName":"n8n.workflow.started","message":"n8n.workflow.started","payload":{"executionId":"37","workflowId":"4rTqug5Ahu9X3nVw","isManual":false,"workflowName":"Vapileadsoource"}}
{"__type":"$$EventMessageConfirm","confirm":"a3725692-8fa6-4e62-8f44-ebe394a2e2bf","ts":"2025-11-25T12:13:57.326-05:00","source":{"id":"0","name":"eventBus"}}
{"__type":"$$EventMessageNode","id":"b745627e-4350-4e61-afef-19708887e57a","ts":"2025-11-25T12:13:57.326-05:00","eventName":"n8n.node.started","message":"n8n.node.started","payload":{"workflowId":"4rTqug5Ahu9X3nVw","workflowName":"Vapileadsoource","executionId":"37","nodeType":"n8n-nodes-base.webhook","nodeName":"Vapi Webhook","nodeId":"0eb20349-2fb9-4edb-8444-1a862be9abe5"}}
{"__type":"$$EventMessageConfirm","confirm":"b745627e-4350-4e61-afef-19708887e57a","ts":"2025-11-25T12:13:57.326-05:00","source":{"id":"0","name":"eventBus"}}
{"__type":"$$EventMessageNode","id":"0579d016-540d-4e6d-83ca-81582b4901b3","ts":"2025-11-25T12:13:57.327-05:00","eventName":"n8n.node.finished","message":"n8n.node.finished","payload":{"workflowId":"4rTqug5Ahu9X3nVw","workflowName":"Vapileadsoource","executionId":"37","nodeType":"n8n-nodes-base.webhook","nodeName":"Vapi Webhook","nodeId":"0eb20349-2fb9-4edb-8444-1a862be9abe5"}}
{"__type":"$$EventMessageConfirm","confirm":"0579d016-540d-4e6d-83ca-81582b4901b3","ts":"2025-11-25T12:13:57.327-05:00","source":{"id":"0","name":"eventBus"}}
{"__type":"$$EventMessageNode","id":"a8a3c95a-412d-42f2-9535-575518d17d93","ts":"2025-11-25T12:13:57.327-05:00","eventName":"n8n.node.started","message":"n8n.node.started","payload":{"workflowId":"4rTqug5Ahu9X3nVw","workflowName":"Vapileadsoource","executionId":"37","nodeType":"n8n-nodes-base.set","nodeName":"Extract Vapi Data","nodeId":"d066dafe-6df3-4b1c-99e8-9e3521fce497"}}
{"__type":"$$EventMessageConfirm","confirm":"a8a3c95a-412d-42f2-9535-575518d17d93","ts":"2025-11-25T12:13:57.327-05:00","source":{"id":"0","name":"eventBus"}}
{"__type":"$$EventMessageNode","id":"615a8253-ebf1-4187-9442-df63b2282d94","ts":"2025-11-25T12:13:57.329-05:00","eventName":"n8n.node.finished","message":"n8n.node.finished","payload":{"workflowId":"4rTqug5Ahu9X3nVw","workflowName":"Vapileadsoource","executionId":"37","nodeType":"n8n-nodes-base.set","nodeName":"Extract Vapi Data","nodeId":"d066dafe-6df3-4b1c-99e8-9e3521fce497"}}
{"__type":"$$EventMessageConfirm","confirm":"615a8253-ebf1-4187-9442-df63b2282d94","ts":"2025-11-25T12:13:57.329-05:00","source":{"id":"0","name":"eventBus"}}
{"__type":"$$EventMessageNode","id":"d3f61282-1819-43eb-966a-aaa0e7d6faeb","ts":"2025-11-25T12:13:57.329-05:00","eventName":"n8n.node.started","message":"n8n.node.started","payload":{"workflowId":"4rTqug5Ahu9X3nVw","workflowName":"Vapileadsoource","executionId":"37","nodeType":"n8n-nodes-base.googleSheets","nodeName":"Add to Google Sheets","nodeId":"b204e612-3117-4c29-b6fb-f1979990b536"}}
{"__type":"$$EventMessageConfirm","confirm":"d3f61282-1819-43eb-966a-aaa0e7d6faeb","ts":"2025-11-25T12:13:57.329-05:00","source":{"id":"0","name":"eventBus"}}
{"__type":"$$EventMessageNode","id":"63f7465c-9815-4051-a960-9e7be4a98e38","ts":"2025-11-25T12:14:01.141-05:00","eventName":"n8n.node.finished","message":"n8n.node.finished","payload":{"workflowId":"4rTqug5Ahu9X3nVw","workflowName":"Vapileadsoource","executionId":"37","nodeType":"n8n-nodes-base.googleSheets","nodeName":"Add to Google Sheets","nodeId":"b204e612-3117-4c29-b6fb-f1979990b536"}}
{"__type":"$$EventMessageConfirm","confirm":"63f7465c-9815-4051-a960-9e7be4a98e38","ts":"2025-11-25T12:14:01.142-05:00","source":{"id":"0","name":"eventBus"}}
{"__type":"$$EventMessageNode","id":"2ff3c19f-d2b4-45a1-839f-dd93e4bec5dc","ts":"2025-11-25T12:14:01.142-05:00","eventName":"n8n.node.started","message":"n8n.node.started","payload":{"workflowId":"4rTqug5Ahu9X3nVw","workflowName":"Vapileadsoource","executionId":"37","nodeType":"n8n-nodes-base.respondToWebhook","nodeName":"Respond to Vapi","nodeId":"95a9261b-84d4-4ff9-8097-82afc2215be1"}}
{"__type":"$$EventMessageConfirm","confirm":"2ff3c19f-d2b4-45a1-839f-dd93e4bec5dc","ts":"2025-11-25T12:14:01.142-05:00","source":{"id":"0","name":"eventBus"}}
{"__type":"$$EventMessageNode","id":"8b15b297-3581-4a45-9ece-a2802a83acbb","ts":"2025-11-25T12:14:01.150-05:00","eventName":"n8n.node.finished","message":"n8n.node.finished","payload":{"workflowId":"4rTqug5Ahu9X3nVw","workflowName":"Vapileadsoource","executionId":"37","nodeType":"n8n-nodes-base.respondToWebhook","nodeName":"Respond to Vapi","nodeId":"95a9261b-84d4-4ff9-8097-82afc2215be1"}}
{"__type":"$$EventMessageConfirm","confirm":"8b15b297-3581-4a45-9ece-a2802a83acbb","ts":"2025-11-25T12:14:01.150-05:00","source":{"id":"0","name":"eventBus"}}
{"__type":"$$EventMessageWorkflow","id":"a6c07d4a-1517-4e5d-8e6b-01d749ef72c0","ts":"2025-11-25T12:14:01.151-05:00","eventName":"n8n.workflow.success","message":"n8n.workflow.success","payload":{"executionId":"37","success":true,"isManual":false,"workflowId":"4rTqug5Ahu9X3nVw","workflowName":"Vapileadsoource"}}
{"__type":"$$EventMessageConfirm","confirm":"a6c07d4a-1517-4e5d-8e6b-01d749ef72c0","ts":"2025-11-25T12:14:01.151-05:00","source":{"id":"0","name":"eventBus"}}
{"__type":"$$EventMessageAudit","id":"0eb74a74-6bb4-4d2f-8405-4a601dfb1140","ts":"2025-11-25T12:17:41.766-05:00","eventName":"n8n.audit.workflow.updated","message":"n8n.audit.workflow.updated","payload":{"userId":"6bcd1b82-d92d-4379-a70a-7e0191a57498","_email":"dechantechang@hotmail.com","_firstName":"Dechante","_lastName":"Chang","globalRole":"global:owner","workflowId":"4rTqug5Ahu9X3nVw","workflowName":"Vapileadsoource"}}
{"__type":"$$EventMessageConfirm","confirm":"0eb74a74-6bb4-4d2f-8405-4a601dfb1140","ts":"2025-11-25T12:17:41.766-05:00","source":{"id":"0","name":"eventBus"}}
